2024-05-05 21:59:36.994361: I tensorflow/core/platform/cpu_feature_guard.cc:210] This TensorFlow binary is optimized to use available CPU instructions in performance-critical operations.
To enable the following instructions: AVX2 FMA, in other operations, rebuild TensorFlow with the appropriate compiler flags.
2024-05-05 21:59:37.529960: W tensorflow/compiler/tf2tensorrt/utils/py_utils.cc:38] TF-TRT Warning: Could not find TensorRT
/home/jialiangfan/miniconda3/lib/python3.11/site-packages/torchvision/models/_utils.py:208: UserWarning: The parameter 'pretrained' is deprecated since 0.13 and may be removed in the future, please use 'weights' instead.
  warnings.warn(
/home/jialiangfan/miniconda3/lib/python3.11/site-packages/torchvision/models/_utils.py:223: UserWarning: Arguments other than a weight enum or `None` for 'weights' are deprecated since 0.13 and may be removed in the future. The current behavior is equivalent to passing `weights=ResNet18_Weights.IMAGENET1K_V1`. You can also use `weights=ResNet18_Weights.DEFAULT` to get the most up-to-date weights.
  warnings.warn(msg)
data_argument True
num_epochs 50
batch_size 32
model 1
pretrained True
this is label2 counter:  Counter({0: 6093, 3: 4407, 1: 1656, 2: 495})
max label2 count:  6093
total num before first balance:  12651
Deep:  6093
Lobar:  1656
Subtentorial:  495
total num after first balance:  21408
counter after first balance:  Counter({0: 6093, 2: 5940, 1: 4968, 3: 4407})
total num before second balance:  21408
no tumor:  4407
tumor:  17001
max label1 count:  17001
total num after balance:  30222
no tumor:  13221
tumor:  17001
train_dataset 25688
test_dataset 4534
Epoch 0 running
Current time: 2024-05-05 22:02:22.270645 [Train #0] Loss: 0.3605 Acc: 93.0006% Time: 163.7987s
[Test #0] Loss: 0.0507 Acc: 98.3348% Time: 192.4135s
Epoch 1 running
Traceback (most recent call last):
  File "/home/jialiangfan/head_blood/main.py", line 256, in <module>
    train(num_epochs=args.num_epochs, data_argumentation= args.data_argument,batch_size=args.batch_size,model_type=args.model,pretrained=args.pretrained)
  File "/home/jialiangfan/head_blood/main.py", line 145, in train
    running_loss += loss.item() * image.size(0)
                    ^^^^^^^^^^^
KeyboardInterrupt
2024-05-05 22:03:13.067059: I tensorflow/core/platform/cpu_feature_guard.cc:210] This TensorFlow binary is optimized to use available CPU instructions in performance-critical operations.
To enable the following instructions: AVX2 FMA, in other operations, rebuild TensorFlow with the appropriate compiler flags.
2024-05-05 22:03:13.622539: W tensorflow/compiler/tf2tensorrt/utils/py_utils.cc:38] TF-TRT Warning: Could not find TensorRT
/home/jialiangfan/miniconda3/lib/python3.11/site-packages/torchvision/models/_utils.py:208: UserWarning: The parameter 'pretrained' is deprecated since 0.13 and may be removed in the future, please use 'weights' instead.
  warnings.warn(
/home/jialiangfan/miniconda3/lib/python3.11/site-packages/torchvision/models/_utils.py:223: UserWarning: Arguments other than a weight enum or `None` for 'weights' are deprecated since 0.13 and may be removed in the future. The current behavior is equivalent to passing `weights=ResNet18_Weights.IMAGENET1K_V1`. You can also use `weights=ResNet18_Weights.DEFAULT` to get the most up-to-date weights.
  warnings.warn(msg)
