data_argument False
num_epochs 50
batch_size 8
model 0
pretrained False
optimizer_type 0
device 2
train_dataset 10120
val_dataset 1265
Epoch 0 running
Current time: 2024-05-09 19:08:03.087019 [Train #0] Loss: 1.0451 Acc: 79.3034% Time: 123.6374s
[Test #0] Loss: 1.0051 Acc: 79.1304% Time: 130.8438s
Epoch 1 running
Current time: 2024-05-09 19:10:14.806083 [Train #1] Loss: 0.8616 Acc: 83.1374% Time: 255.3565s
[Test #1] Loss: 1.0693 Acc: 77.5494% Time: 262.5290s
Epoch 2 running
Current time: 2024-05-09 19:12:26.178040 [Train #2] Loss: 0.7996 Acc: 84.2243% Time: 386.7284s
[Test #2] Loss: 1.1225 Acc: 77.9051% Time: 393.7471s
Epoch 3 running
Current time: 2024-05-09 19:14:37.404248 [Train #3] Loss: 0.7307 Acc: 85.6621% Time: 517.9546s
[Test #3] Loss: 0.8568 Acc: 83.2411% Time: 525.1289s
Epoch 4 running
Current time: 2024-05-09 19:16:49.340729 [Train #4] Loss: 0.6851 Acc: 86.9615% Time: 649.8911s
[Test #4] Loss: 0.7233 Acc: 85.5731% Time: 656.8009s
Epoch 5 running
Current time: 2024-05-09 19:19:00.262807 [Train #5] Loss: 0.6571 Acc: 87.2480% Time: 780.8131s
[Test #5] Loss: 0.8887 Acc: 83.0040% Time: 787.6731s
Epoch 6 running
Current time: 2024-05-09 19:21:11.934644 [Train #6] Loss: 0.6247 Acc: 88.0534% Time: 912.4850s
[Test #6] Loss: 0.7295 Acc: 86.7984% Time: 919.3031s
Epoch 7 running
Current time: 2024-05-09 19:23:23.380621 [Train #7] Loss: 0.5849 Acc: 89.0909% Time: 1043.9310s
[Test #7] Loss: 0.6164 Acc: 88.3399% Time: 1050.8076s
Epoch 8 running
Current time: 2024-05-09 19:25:35.723930 [Train #8] Loss: 0.5759 Acc: 88.9773% Time: 1176.2743s
[Test #8] Loss: 0.6054 Acc: 88.6956% Time: 1183.1974s
Epoch 9 running
Current time: 2024-05-09 19:27:46.752726 [Train #9] Loss: 0.5538 Acc: 89.3330% Time: 1307.3031s
[Test #9] Loss: 0.5544 Acc: 90.0790% Time: 1314.3805s
Epoch 10 running
Current time: 2024-05-09 19:29:59.152177 [Train #10] Loss: 0.5303 Acc: 90.2520% Time: 1439.7025s
[Test #10] Loss: 0.5399 Acc: 89.8024% Time: 1446.8656s
Epoch 11 running
Current time: 2024-05-09 19:32:10.739732 [Train #11] Loss: 0.5120 Acc: 90.5089% Time: 1571.2901s
[Test #11] Loss: 0.5605 Acc: 89.2490% Time: 1578.3458s
Epoch 12 running
Current time: 2024-05-09 19:34:22.360337 [Train #12] Loss: 0.4974 Acc: 90.8449% Time: 1702.9107s
[Test #12] Loss: 0.6471 Acc: 88.1423% Time: 1709.8480s
Epoch 13 running
Current time: 2024-05-09 19:36:33.390507 [Train #13] Loss: 0.4883 Acc: 90.8053% Time: 1833.9409s
[Test #13] Loss: 0.5228 Acc: 90.6324% Time: 1840.8590s
Epoch 14 running
Current time: 2024-05-09 19:38:44.597958 [Train #14] Loss: 0.4752 Acc: 91.2796% Time: 1965.1483s
[Test #14] Loss: 0.4769 Acc: 91.3439% Time: 1972.0638s
Epoch 15 running
Current time: 2024-05-09 19:40:55.529793 [Train #15] Loss: 0.4727 Acc: 91.3538% Time: 2096.0801s
[Test #15] Loss: 0.5722 Acc: 89.7628% Time: 2103.2319s
Epoch 16 running
Current time: 2024-05-09 19:43:06.980810 [Train #16] Loss: 0.4556 Acc: 91.4180% Time: 2227.5312s
[Test #16] Loss: 0.4632 Acc: 91.3439% Time: 2234.6048s
Epoch 17 running
Current time: 2024-05-09 19:45:18.699569 [Train #17] Loss: 0.4470 Acc: 91.8083% Time: 2359.2499s
[Test #17] Loss: 0.4285 Acc: 91.7787% Time: 2366.1066s
Epoch 18 running
Current time: 2024-05-09 19:47:30.175081 [Train #18] Loss: 0.4371 Acc: 91.7984% Time: 2490.7255s
[Test #18] Loss: 0.4789 Acc: 90.6324% Time: 2497.6785s
Epoch 19 running
Current time: 2024-05-09 19:49:42.133995 [Train #19] Loss: 0.4255 Acc: 92.1887% Time: 2622.6843s
[Test #19] Loss: 0.3927 Acc: 92.7668% Time: 2629.4450s
Epoch 20 running
Current time: 2024-05-09 19:51:53.160632 [Train #20] Loss: 0.4100 Acc: 92.4308% Time: 2753.7110s
[Test #20] Loss: 0.4361 Acc: 91.2253% Time: 2760.6664s
Epoch 21 running
Current time: 2024-05-09 19:54:04.627699 [Train #21] Loss: 0.3950 Acc: 92.7223% Time: 2885.1781s
[Test #21] Loss: 0.5219 Acc: 90.8696% Time: 2892.1776s
Epoch 22 running
Current time: 2024-05-09 19:56:16.375575 [Train #22] Loss: 0.3858 Acc: 92.9644% Time: 3016.9259s
[Test #22] Loss: 0.4763 Acc: 91.4229% Time: 3023.8049s
Epoch 23 running
Current time: 2024-05-09 19:58:28.298390 [Train #23] Loss: 0.3810 Acc: 93.1225% Time: 3148.8487s
[Test #23] Loss: 0.4324 Acc: 92.0553% Time: 3155.9432s
Epoch 24 running
Current time: 2024-05-09 20:00:40.323651 [Train #24] Loss: 0.3768 Acc: 93.0040% Time: 3280.8740s
[Test #24] Loss: 0.4696 Acc: 91.6601% Time: 3287.9452s
Epoch 25 running
Current time: 2024-05-09 20:02:51.452582 [Train #25] Loss: 0.3642 Acc: 93.3350% Time: 3412.0030s
[Test #25] Loss: 0.4483 Acc: 91.6206% Time: 3419.2060s
Epoch 26 running
Current time: 2024-05-09 20:05:03.432297 [Train #26] Loss: 0.3653 Acc: 93.1126% Time: 3543.9828s
[Test #26] Loss: 0.4084 Acc: 92.7273% Time: 3550.8216s
Epoch 27 running
Current time: 2024-05-09 20:07:36.814295 [Train #27] Loss: 0.3590 Acc: 93.3399% Time: 3697.3646s
[Test #27] Loss: 0.4039 Acc: 92.8854% Time: 3704.3282s
Epoch 28 running
Current time: 2024-05-09 20:09:47.822949 [Train #28] Loss: 0.3447 Acc: 93.6117% Time: 3828.3734s
[Test #28] Loss: 0.3749 Acc: 92.8458% Time: 3835.4219s
Epoch 29 running
Current time: 2024-05-09 20:11:59.745891 [Train #29] Loss: 0.3390 Acc: 93.7401% Time: 3960.2963s
[Test #29] Loss: 0.3477 Acc: 93.1225% Time: 3967.4040s
Epoch 30 running
Current time: 2024-05-09 20:14:17.859535 [Train #30] Loss: 0.3267 Acc: 94.0069% Time: 4098.4098s
[Test #30] Loss: 0.4337 Acc: 91.8972% Time: 4116.4180s
Epoch 31 running
Current time: 2024-05-09 20:16:42.316729 [Train #31] Loss: 0.3149 Acc: 94.0662% Time: 4242.8671s
[Test #31] Loss: 0.4124 Acc: 92.7273% Time: 4249.9818s
Epoch 32 running
Current time: 2024-05-09 20:18:54.219995 [Train #32] Loss: 0.3205 Acc: 94.1255% Time: 4374.7704s
[Test #32] Loss: 0.3590 Acc: 93.2806% Time: 4381.7247s
Epoch 33 running
Current time: 2024-05-09 20:21:05.532839 [Train #33] Loss: 0.2981 Acc: 94.5010% Time: 4506.0832s
[Test #33] Loss: 0.4106 Acc: 91.2253% Time: 4513.1729s
Epoch 34 running
Current time: 2024-05-09 20:23:57.118828 [Train #34] Loss: 0.2999 Acc: 94.5850% Time: 4677.6692s
[Test #34] Loss: 0.3574 Acc: 93.3202% Time: 4684.4614s
Epoch 35 running
Current time: 2024-05-09 20:26:26.400651 [Train #35] Loss: 0.3069 Acc: 94.2243% Time: 4826.9511s
[Test #35] Loss: 0.3734 Acc: 93.3992% Time: 4833.8521s
Epoch 36 running
Current time: 2024-05-09 20:28:37.294335 [Train #36] Loss: 0.2786 Acc: 94.9852% Time: 4957.8446s
[Test #36] Loss: 0.3589 Acc: 93.7945% Time: 4964.7181s
Epoch 37 running
Current time: 2024-05-09 20:30:48.780337 [Train #37] Loss: 0.2929 Acc: 94.5949% Time: 5089.3307s
[Test #37] Loss: 0.3779 Acc: 93.0040% Time: 5096.4300s
Epoch 38 running
Current time: 2024-05-09 20:33:00.139622 [Train #38] Loss: 0.2758 Acc: 94.7876% Time: 5220.6900s
[Test #38] Loss: 0.3858 Acc: 93.2411% Time: 5227.5464s
Epoch 39 running
Current time: 2024-05-09 20:35:11.883832 [Train #39] Loss: 0.2759 Acc: 94.9555% Time: 5352.4342s
[Test #39] Loss: 0.3576 Acc: 93.8735% Time: 5359.5038s
Epoch 40 running
Current time: 2024-05-09 20:38:09.656170 [Train #40] Loss: 0.2669 Acc: 95.0000% Time: 5530.2066s
[Test #40] Loss: 0.3170 Acc: 94.2688% Time: 5547.6182s
Epoch 41 running
Current time: 2024-05-09 20:40:32.174356 [Train #41] Loss: 0.2554 Acc: 95.3903% Time: 5672.7248s
[Test #41] Loss: 0.3133 Acc: 94.9407% Time: 5679.6879s
Epoch 42 running
Current time: 2024-05-09 20:42:43.724864 [Train #42] Loss: 0.2612 Acc: 95.0791% Time: 5804.2752s
[Test #42] Loss: 0.3261 Acc: 94.5455% Time: 5811.0240s
Epoch 43 running
Current time: 2024-05-09 20:44:55.535164 [Train #43] Loss: 0.2594 Acc: 95.1136% Time: 5936.0855s
[Test #43] Loss: 0.3203 Acc: 94.0316% Time: 5943.0554s
Epoch 44 running
Current time: 2024-05-09 20:47:06.857295 [Train #44] Loss: 0.2581 Acc: 95.0939% Time: 6067.4077s
[Test #44] Loss: 0.3442 Acc: 93.9526% Time: 6074.4726s
Epoch 45 running
Current time: 2024-05-09 20:49:18.326883 [Train #45] Loss: 0.2398 Acc: 95.5929% Time: 6198.8773s
[Test #45] Loss: 0.2956 Acc: 95.0593% Time: 6205.7158s
Epoch 46 running
Current time: 2024-05-09 20:51:29.478940 [Train #46] Loss: 0.2318 Acc: 95.7757% Time: 6330.0293s
[Test #46] Loss: 0.4280 Acc: 92.0949% Time: 6337.0293s
Epoch 47 running
Current time: 2024-05-09 20:53:41.473603 [Train #47] Loss: 0.2489 Acc: 95.2520% Time: 6462.0240s
[Test #47] Loss: 0.3422 Acc: 93.8340% Time: 6469.0289s
Epoch 48 running
Current time: 2024-05-09 20:55:53.115604 [Train #48] Loss: 0.2339 Acc: 95.7559% Time: 6593.6660s
[Test #48] Loss: 0.3092 Acc: 94.6245% Time: 6600.6037s
Epoch 49 running
Current time: 2024-05-09 20:58:04.833940 [Train #49] Loss: 0.2153 Acc: 96.1364% Time: 6725.3843s
[Test #49] Loss: 0.3643 Acc: 93.7945% Time: 6731.9285s
