/home/jialiangfan/miniconda3/envs/medical/lib/python3.8/site-packages/torchvision/models/_utils.py:208: UserWarning: The parameter 'pretrained' is deprecated since 0.13 and may be removed in the future, please use 'weights' instead.
  warnings.warn(
/home/jialiangfan/miniconda3/envs/medical/lib/python3.8/site-packages/torchvision/models/_utils.py:223: UserWarning: Arguments other than a weight enum or `None` for 'weights' are deprecated since 0.13 and may be removed in the future. The current behavior is equivalent to passing `weights=VGG16_BN_Weights.IMAGENET1K_V1`. You can also use `weights=VGG16_BN_Weights.DEFAULT` to get the most up-to-date weights.
  warnings.warn(msg)
data_argument True
num_epochs 20
batch_size 32
model_type: Vgg16
pretrained True
optimizer_type: AdamW
optimizer_type 2
device 0
this is the pretrained: True
this is label2 counter:  Counter({0: 6093, 3: 4407, 1: 1656, 2: 495})
max label2 count:  6093
total num before first balance:  12651
Deep:  6093
Lobar:  1656
Subtentorial:  495
total num after first balance:  21408
counter after first balance:  Counter({0: 6093, 2: 5940, 1: 4968, 3: 4407})
total num before second balance:  21408
no tumor:  4407
tumor:  17001
max label1 count:  17001
total num after balance:  30222
no tumor:  13221
tumor:  17001
train_dataset 24177
val_dataset 3022
test_dataset 3023
batch size is 32
Epoch 0 running
Current time: 2024-06-10 23:24:15.070074 [Train #0] Loss: 0.2973 Acc: 94.0687% Time: 132.2363s
Best model found at epoch 0 with loss: 0.06715997680775146
[Test #0] Loss: 0.0672 Acc: 98.9411% Time: 139.4504s
Epoch 1 running
Current time: 2024-06-10 23:26:35.132220 [Train #1] Loss: 0.0639 Acc: 98.8936% Time: 272.2983s
Best model found at epoch 1 with loss: 0.036616416798576634
[Test #1] Loss: 0.0366 Acc: 99.5036% Time: 279.5417s
Epoch 2 running
Current time: 2024-06-10 23:28:55.323514 [Train #2] Loss: 0.0335 Acc: 99.3878% Time: 412.4896s
Best model found at epoch 2 with loss: 0.02635825960904614
[Test #2] Loss: 0.0264 Acc: 99.6195% Time: 419.7668s
Epoch 3 running
Current time: 2024-06-10 23:31:15.281621 [Train #3] Loss: 0.0220 Acc: 99.6257% Time: 552.4477s
Best model found at epoch 3 with loss: 0.018281137923499946
[Test #3] Loss: 0.0183 Acc: 99.7022% Time: 559.6513s
Epoch 4 running
Current time: 2024-06-10 23:33:34.923457 [Train #4] Loss: 0.0217 Acc: 99.6215% Time: 692.0896s
[Test #4] Loss: 0.0243 Acc: 99.6029% Time: 699.3271s
Epoch 5 running
Current time: 2024-06-10 23:35:54.631971 [Train #5] Loss: 0.0179 Acc: 99.6836% Time: 831.7981s
[Test #5] Loss: 0.0305 Acc: 99.4375% Time: 838.9332s
Epoch 6 running
Current time: 2024-06-10 23:38:14.094138 [Train #6] Loss: 0.0197 Acc: 99.6670% Time: 971.2602s
[Test #6] Loss: 0.0451 Acc: 99.4540% Time: 978.4636s
Epoch 7 running
Current time: 2024-06-10 23:40:33.975535 [Train #7] Loss: 0.0155 Acc: 99.7374% Time: 1111.1416s
[Test #7] Loss: 0.0421 Acc: 99.5698% Time: 1118.3452s
Epoch 8 running
Current time: 2024-06-10 23:42:54.018019 [Train #8] Loss: 0.0123 Acc: 99.7870% Time: 1251.1842s
[Test #8] Loss: 0.0188 Acc: 99.7187% Time: 1258.3833s
Epoch 9 running
Current time: 2024-06-10 23:45:13.602039 [Train #9] Loss: 0.0148 Acc: 99.7580% Time: 1390.7682s
[Test #9] Loss: 0.0292 Acc: 99.7187% Time: 1397.9679s
Epoch 10 running
Current time: 2024-06-10 23:47:33.542199 [Train #10] Loss: 0.0155 Acc: 99.7684% Time: 1530.7083s
[Test #10] Loss: 0.0210 Acc: 99.7849% Time: 1537.9132s
Epoch 11 running
Current time: 2024-06-10 23:49:53.801412 [Train #11] Loss: 0.0157 Acc: 99.7187% Time: 1670.9675s
[Test #11] Loss: 0.0383 Acc: 99.5367% Time: 1678.2554s
Epoch 12 running
Current time: 2024-06-10 23:52:13.948528 [Train #12] Loss: 0.0088 Acc: 99.8387% Time: 1811.1146s
[Test #12] Loss: 0.0248 Acc: 99.8180% Time: 1818.3557s
Epoch 13 running
Current time: 2024-06-10 23:54:34.018668 [Train #13] Loss: 0.0100 Acc: 99.8552% Time: 1951.1848s
[Test #13] Loss: 0.0913 Acc: 99.0238% Time: 1958.4141s
Epoch 14 running
Current time: 2024-06-10 23:56:54.132150 [Train #14] Loss: 0.0144 Acc: 99.7849% Time: 2091.2983s
[Test #14] Loss: 0.0236 Acc: 99.6856% Time: 2098.5779s
Epoch 15 running
Current time: 2024-06-10 23:59:14.156405 [Train #15] Loss: 0.0108 Acc: 99.8221% Time: 2231.3225s
Best model found at epoch 15 with loss: 0.0142799413479403
[Test #15] Loss: 0.0143 Acc: 99.8676% Time: 2238.5602s
Epoch 16 running
Current time: 2024-06-11 00:01:34.212546 [Train #16] Loss: 0.0087 Acc: 99.8656% Time: 2371.3787s
[Test #16] Loss: 0.0213 Acc: 99.7518% Time: 2378.6200s
Epoch 17 running
Current time: 2024-06-11 00:03:54.340807 [Train #17] Loss: 0.0048 Acc: 99.9173% Time: 2511.5069s
[Test #17] Loss: 0.0205 Acc: 99.8180% Time: 2518.7574s
Epoch 18 running
Current time: 2024-06-11 00:06:14.473107 [Train #18] Loss: 0.0231 Acc: 99.6939% Time: 2651.6392s
[Test #18] Loss: 0.0226 Acc: 99.7022% Time: 2658.9982s
Epoch 19 running
Current time: 2024-06-11 00:08:34.642591 [Train #19] Loss: 0.0075 Acc: 99.8821% Time: 2791.8087s
[Test #19] Loss: 0.0168 Acc: 99.8015% Time: 2799.0533s
