/home/jialiangfan/miniconda3/lib/python3.11/site-packages/torchvision/models/_utils.py:208: UserWarning: The parameter 'pretrained' is deprecated since 0.13 and may be removed in the future, please use 'weights' instead.
  warnings.warn(
/home/jialiangfan/miniconda3/lib/python3.11/site-packages/torchvision/models/_utils.py:223: UserWarning: Arguments other than a weight enum or `None` for 'weights' are deprecated since 0.13 and may be removed in the future. The current behavior is equivalent to passing `weights=ViT_B_16_Weights.IMAGENET1K_V1`. You can also use `weights=ViT_B_16_Weights.DEFAULT` to get the most up-to-date weights.
  warnings.warn(msg)
['no', 'yes']
['no', 'yes']
Sequential(
  (head): Linear(in_features=768, out_features=1000, bias=True)
)
VisionTransformer(
  (conv_proj): Conv2d(3, 768, kernel_size=(16, 16), stride=(16, 16))
  (encoder): Encoder(
    (dropout): Dropout(p=0.0, inplace=False)
    (layers): Sequential(
      (encoder_layer_0): EncoderBlock(
        (ln_1): LayerNorm((768,), eps=1e-06, elementwise_affine=True)
        (self_attention): MultiheadAttention(
          (out_proj): NonDynamicallyQuantizableLinear(in_features=768, out_features=768, bias=True)
        )
        (dropout): Dropout(p=0.0, inplace=False)
        (ln_2): LayerNorm((768,), eps=1e-06, elementwise_affine=True)
        (mlp): MLPBlock(
          (0): Linear(in_features=768, out_features=3072, bias=True)
          (1): GELU(approximate='none')
          (2): Dropout(p=0.0, inplace=False)
          (3): Linear(in_features=3072, out_features=768, bias=True)
          (4): Dropout(p=0.0, inplace=False)
        )
      )
      (encoder_layer_1): EncoderBlock(
        (ln_1): LayerNorm((768,), eps=1e-06, elementwise_affine=True)
        (self_attention): MultiheadAttention(
          (out_proj): NonDynamicallyQuantizableLinear(in_features=768, out_features=768, bias=True)
        )
        (dropout): Dropout(p=0.0, inplace=False)
        (ln_2): LayerNorm((768,), eps=1e-06, elementwise_affine=True)
        (mlp): MLPBlock(
          (0): Linear(in_features=768, out_features=3072, bias=True)
          (1): GELU(approximate='none')
          (2): Dropout(p=0.0, inplace=False)
          (3): Linear(in_features=3072, out_features=768, bias=True)
          (4): Dropout(p=0.0, inplace=False)
        )
      )
      (encoder_layer_2): EncoderBlock(
        (ln_1): LayerNorm((768,), eps=1e-06, elementwise_affine=True)
        (self_attention): MultiheadAttention(
          (out_proj): NonDynamicallyQuantizableLinear(in_features=768, out_features=768, bias=True)
        )
        (dropout): Dropout(p=0.0, inplace=False)
        (ln_2): LayerNorm((768,), eps=1e-06, elementwise_affine=True)
        (mlp): MLPBlock(
          (0): Linear(in_features=768, out_features=3072, bias=True)
          (1): GELU(approximate='none')
          (2): Dropout(p=0.0, inplace=False)
          (3): Linear(in_features=3072, out_features=768, bias=True)
          (4): Dropout(p=0.0, inplace=False)
        )
      )
      (encoder_layer_3): EncoderBlock(
        (ln_1): LayerNorm((768,), eps=1e-06, elementwise_affine=True)
        (self_attention): MultiheadAttention(
          (out_proj): NonDynamicallyQuantizableLinear(in_features=768, out_features=768, bias=True)
        )
        (dropout): Dropout(p=0.0, inplace=False)
        (ln_2): LayerNorm((768,), eps=1e-06, elementwise_affine=True)
        (mlp): MLPBlock(
          (0): Linear(in_features=768, out_features=3072, bias=True)
          (1): GELU(approximate='none')
          (2): Dropout(p=0.0, inplace=False)
          (3): Linear(in_features=3072, out_features=768, bias=True)
          (4): Dropout(p=0.0, inplace=False)
        )
      )
      (encoder_layer_4): EncoderBlock(
        (ln_1): LayerNorm((768,), eps=1e-06, elementwise_affine=True)
        (self_attention): MultiheadAttention(
          (out_proj): NonDynamicallyQuantizableLinear(in_features=768, out_features=768, bias=True)
        )
        (dropout): Dropout(p=0.0, inplace=False)
        (ln_2): LayerNorm((768,), eps=1e-06, elementwise_affine=True)
        (mlp): MLPBlock(
          (0): Linear(in_features=768, out_features=3072, bias=True)
          (1): GELU(approximate='none')
          (2): Dropout(p=0.0, inplace=False)
          (3): Linear(in_features=3072, out_features=768, bias=True)
          (4): Dropout(p=0.0, inplace=False)
        )
      )
      (encoder_layer_5): EncoderBlock(
        (ln_1): LayerNorm((768,), eps=1e-06, elementwise_affine=True)
        (self_attention): MultiheadAttention(
          (out_proj): NonDynamicallyQuantizableLinear(in_features=768, out_features=768, bias=True)
        )
        (dropout): Dropout(p=0.0, inplace=False)
        (ln_2): LayerNorm((768,), eps=1e-06, elementwise_affine=True)
        (mlp): MLPBlock(
          (0): Linear(in_features=768, out_features=3072, bias=True)
          (1): GELU(approximate='none')
          (2): Dropout(p=0.0, inplace=False)
          (3): Linear(in_features=3072, out_features=768, bias=True)
          (4): Dropout(p=0.0, inplace=False)
        )
      )
      (encoder_layer_6): EncoderBlock(
        (ln_1): LayerNorm((768,), eps=1e-06, elementwise_affine=True)
        (self_attention): MultiheadAttention(
          (out_proj): NonDynamicallyQuantizableLinear(in_features=768, out_features=768, bias=True)
        )
        (dropout): Dropout(p=0.0, inplace=False)
        (ln_2): LayerNorm((768,), eps=1e-06, elementwise_affine=True)
        (mlp): MLPBlock(
          (0): Linear(in_features=768, out_features=3072, bias=True)
          (1): GELU(approximate='none')
          (2): Dropout(p=0.0, inplace=False)
          (3): Linear(in_features=3072, out_features=768, bias=True)
          (4): Dropout(p=0.0, inplace=False)
        )
      )
      (encoder_layer_7): EncoderBlock(
        (ln_1): LayerNorm((768,), eps=1e-06, elementwise_affine=True)
        (self_attention): MultiheadAttention(
          (out_proj): NonDynamicallyQuantizableLinear(in_features=768, out_features=768, bias=True)
        )
        (dropout): Dropout(p=0.0, inplace=False)
        (ln_2): LayerNorm((768,), eps=1e-06, elementwise_affine=True)
        (mlp): MLPBlock(
          (0): Linear(in_features=768, out_features=3072, bias=True)
          (1): GELU(approximate='none')
          (2): Dropout(p=0.0, inplace=False)
          (3): Linear(in_features=3072, out_features=768, bias=True)
          (4): Dropout(p=0.0, inplace=False)
        )
      )
      (encoder_layer_8): EncoderBlock(
        (ln_1): LayerNorm((768,), eps=1e-06, elementwise_affine=True)
        (self_attention): MultiheadAttention(
          (out_proj): NonDynamicallyQuantizableLinear(in_features=768, out_features=768, bias=True)
        )
        (dropout): Dropout(p=0.0, inplace=False)
        (ln_2): LayerNorm((768,), eps=1e-06, elementwise_affine=True)
        (mlp): MLPBlock(
          (0): Linear(in_features=768, out_features=3072, bias=True)
          (1): GELU(approximate='none')
          (2): Dropout(p=0.0, inplace=False)
          (3): Linear(in_features=3072, out_features=768, bias=True)
          (4): Dropout(p=0.0, inplace=False)
        )
      )
      (encoder_layer_9): EncoderBlock(
        (ln_1): LayerNorm((768,), eps=1e-06, elementwise_affine=True)
        (self_attention): MultiheadAttention(
          (out_proj): NonDynamicallyQuantizableLinear(in_features=768, out_features=768, bias=True)
        )
        (dropout): Dropout(p=0.0, inplace=False)
        (ln_2): LayerNorm((768,), eps=1e-06, elementwise_affine=True)
        (mlp): MLPBlock(
          (0): Linear(in_features=768, out_features=3072, bias=True)
          (1): GELU(approximate='none')
          (2): Dropout(p=0.0, inplace=False)
          (3): Linear(in_features=3072, out_features=768, bias=True)
          (4): Dropout(p=0.0, inplace=False)
        )
      )
      (encoder_layer_10): EncoderBlock(
        (ln_1): LayerNorm((768,), eps=1e-06, elementwise_affine=True)
        (self_attention): MultiheadAttention(
          (out_proj): NonDynamicallyQuantizableLinear(in_features=768, out_features=768, bias=True)
        )
        (dropout): Dropout(p=0.0, inplace=False)
        (ln_2): LayerNorm((768,), eps=1e-06, elementwise_affine=True)
        (mlp): MLPBlock(
          (0): Linear(in_features=768, out_features=3072, bias=True)
          (1): GELU(approximate='none')
          (2): Dropout(p=0.0, inplace=False)
          (3): Linear(in_features=3072, out_features=768, bias=True)
          (4): Dropout(p=0.0, inplace=False)
        )
      )
      (encoder_layer_11): EncoderBlock(
        (ln_1): LayerNorm((768,), eps=1e-06, elementwise_affine=True)
        (self_attention): MultiheadAttention(
          (out_proj): NonDynamicallyQuantizableLinear(in_features=768, out_features=768, bias=True)
        )
        (dropout): Dropout(p=0.0, inplace=False)
        (ln_2): LayerNorm((768,), eps=1e-06, elementwise_affine=True)
        (mlp): MLPBlock(
          (0): Linear(in_features=768, out_features=3072, bias=True)
          (1): GELU(approximate='none')
          (2): Dropout(p=0.0, inplace=False)
          (3): Linear(in_features=3072, out_features=768, bias=True)
          (4): Dropout(p=0.0, inplace=False)
        )
      )
    )
    (ln): LayerNorm((768,), eps=1e-06, elementwise_affine=True)
  )
  (heads): Sequential(
    (head): Linear(in_features=768, out_features=1000, bias=True)
  )
)
参数 class_token 没有被冻结，将会更新。
参数 conv_proj.weight 没有被冻结，将会更新。
参数 conv_proj.bias 没有被冻结，将会更新。
参数 encoder.pos_embedding 没有被冻结，将会更新。
参数 encoder.layers.encoder_layer_0.ln_1.weight 没有被冻结，将会更新。
参数 encoder.layers.encoder_layer_0.ln_1.bias 没有被冻结，将会更新。
参数 encoder.layers.encoder_layer_0.self_attention.in_proj_weight 没有被冻结，将会更新。
参数 encoder.layers.encoder_layer_0.self_attention.in_proj_bias 没有被冻结，将会更新。
参数 encoder.layers.encoder_layer_0.self_attention.out_proj.weight 没有被冻结，将会更新。
参数 encoder.layers.encoder_layer_0.self_attention.out_proj.bias 没有被冻结，将会更新。
参数 encoder.layers.encoder_layer_0.ln_2.weight 没有被冻结，将会更新。
参数 encoder.layers.encoder_layer_0.ln_2.bias 没有被冻结，将会更新。
参数 encoder.layers.encoder_layer_0.mlp.0.weight 没有被冻结，将会更新。
参数 encoder.layers.encoder_layer_0.mlp.0.bias 没有被冻结，将会更新。
参数 encoder.layers.encoder_layer_0.mlp.3.weight 没有被冻结，将会更新。
参数 encoder.layers.encoder_layer_0.mlp.3.bias 没有被冻结，将会更新。
参数 encoder.layers.encoder_layer_1.ln_1.weight 没有被冻结，将会更新。
参数 encoder.layers.encoder_layer_1.ln_1.bias 没有被冻结，将会更新。
参数 encoder.layers.encoder_layer_1.self_attention.in_proj_weight 没有被冻结，将会更新。
参数 encoder.layers.encoder_layer_1.self_attention.in_proj_bias 没有被冻结，将会更新。
参数 encoder.layers.encoder_layer_1.self_attention.out_proj.weight 没有被冻结，将会更新。
参数 encoder.layers.encoder_layer_1.self_attention.out_proj.bias 没有被冻结，将会更新。
参数 encoder.layers.encoder_layer_1.ln_2.weight 没有被冻结，将会更新。
参数 encoder.layers.encoder_layer_1.ln_2.bias 没有被冻结，将会更新。
参数 encoder.layers.encoder_layer_1.mlp.0.weight 没有被冻结，将会更新。
参数 encoder.layers.encoder_layer_1.mlp.0.bias 没有被冻结，将会更新。
参数 encoder.layers.encoder_layer_1.mlp.3.weight 没有被冻结，将会更新。
参数 encoder.layers.encoder_layer_1.mlp.3.bias 没有被冻结，将会更新。
参数 encoder.layers.encoder_layer_2.ln_1.weight 没有被冻结，将会更新。
参数 encoder.layers.encoder_layer_2.ln_1.bias 没有被冻结，将会更新。
参数 encoder.layers.encoder_layer_2.self_attention.in_proj_weight 没有被冻结，将会更新。
参数 encoder.layers.encoder_layer_2.self_attention.in_proj_bias 没有被冻结，将会更新。
参数 encoder.layers.encoder_layer_2.self_attention.out_proj.weight 没有被冻结，将会更新。
参数 encoder.layers.encoder_layer_2.self_attention.out_proj.bias 没有被冻结，将会更新。
参数 encoder.layers.encoder_layer_2.ln_2.weight 没有被冻结，将会更新。
参数 encoder.layers.encoder_layer_2.ln_2.bias 没有被冻结，将会更新。
参数 encoder.layers.encoder_layer_2.mlp.0.weight 没有被冻结，将会更新。
参数 encoder.layers.encoder_layer_2.mlp.0.bias 没有被冻结，将会更新。
参数 encoder.layers.encoder_layer_2.mlp.3.weight 没有被冻结，将会更新。
参数 encoder.layers.encoder_layer_2.mlp.3.bias 没有被冻结，将会更新。
参数 encoder.layers.encoder_layer_3.ln_1.weight 没有被冻结，将会更新。
参数 encoder.layers.encoder_layer_3.ln_1.bias 没有被冻结，将会更新。
参数 encoder.layers.encoder_layer_3.self_attention.in_proj_weight 没有被冻结，将会更新。
参数 encoder.layers.encoder_layer_3.self_attention.in_proj_bias 没有被冻结，将会更新。
参数 encoder.layers.encoder_layer_3.self_attention.out_proj.weight 没有被冻结，将会更新。
参数 encoder.layers.encoder_layer_3.self_attention.out_proj.bias 没有被冻结，将会更新。
参数 encoder.layers.encoder_layer_3.ln_2.weight 没有被冻结，将会更新。
参数 encoder.layers.encoder_layer_3.ln_2.bias 没有被冻结，将会更新。
参数 encoder.layers.encoder_layer_3.mlp.0.weight 没有被冻结，将会更新。
参数 encoder.layers.encoder_layer_3.mlp.0.bias 没有被冻结，将会更新。
参数 encoder.layers.encoder_layer_3.mlp.3.weight 没有被冻结，将会更新。
参数 encoder.layers.encoder_layer_3.mlp.3.bias 没有被冻结，将会更新。
参数 encoder.layers.encoder_layer_4.ln_1.weight 没有被冻结，将会更新。
参数 encoder.layers.encoder_layer_4.ln_1.bias 没有被冻结，将会更新。
参数 encoder.layers.encoder_layer_4.self_attention.in_proj_weight 没有被冻结，将会更新。
参数 encoder.layers.encoder_layer_4.self_attention.in_proj_bias 没有被冻结，将会更新。
参数 encoder.layers.encoder_layer_4.self_attention.out_proj.weight 没有被冻结，将会更新。
参数 encoder.layers.encoder_layer_4.self_attention.out_proj.bias 没有被冻结，将会更新。
参数 encoder.layers.encoder_layer_4.ln_2.weight 没有被冻结，将会更新。
参数 encoder.layers.encoder_layer_4.ln_2.bias 没有被冻结，将会更新。
参数 encoder.layers.encoder_layer_4.mlp.0.weight 没有被冻结，将会更新。
参数 encoder.layers.encoder_layer_4.mlp.0.bias 没有被冻结，将会更新。
参数 encoder.layers.encoder_layer_4.mlp.3.weight 没有被冻结，将会更新。
参数 encoder.layers.encoder_layer_4.mlp.3.bias 没有被冻结，将会更新。
参数 encoder.layers.encoder_layer_5.ln_1.weight 没有被冻结，将会更新。
参数 encoder.layers.encoder_layer_5.ln_1.bias 没有被冻结，将会更新。
参数 encoder.layers.encoder_layer_5.self_attention.in_proj_weight 没有被冻结，将会更新。
参数 encoder.layers.encoder_layer_5.self_attention.in_proj_bias 没有被冻结，将会更新。
参数 encoder.layers.encoder_layer_5.self_attention.out_proj.weight 没有被冻结，将会更新。
参数 encoder.layers.encoder_layer_5.self_attention.out_proj.bias 没有被冻结，将会更新。
参数 encoder.layers.encoder_layer_5.ln_2.weight 没有被冻结，将会更新。
参数 encoder.layers.encoder_layer_5.ln_2.bias 没有被冻结，将会更新。
参数 encoder.layers.encoder_layer_5.mlp.0.weight 没有被冻结，将会更新。
参数 encoder.layers.encoder_layer_5.mlp.0.bias 没有被冻结，将会更新。
参数 encoder.layers.encoder_layer_5.mlp.3.weight 没有被冻结，将会更新。
参数 encoder.layers.encoder_layer_5.mlp.3.bias 没有被冻结，将会更新。
参数 encoder.layers.encoder_layer_6.ln_1.weight 没有被冻结，将会更新。
参数 encoder.layers.encoder_layer_6.ln_1.bias 没有被冻结，将会更新。
参数 encoder.layers.encoder_layer_6.self_attention.in_proj_weight 没有被冻结，将会更新。
参数 encoder.layers.encoder_layer_6.self_attention.in_proj_bias 没有被冻结，将会更新。
参数 encoder.layers.encoder_layer_6.self_attention.out_proj.weight 没有被冻结，将会更新。
参数 encoder.layers.encoder_layer_6.self_attention.out_proj.bias 没有被冻结，将会更新。
参数 encoder.layers.encoder_layer_6.ln_2.weight 没有被冻结，将会更新。
参数 encoder.layers.encoder_layer_6.ln_2.bias 没有被冻结，将会更新。
参数 encoder.layers.encoder_layer_6.mlp.0.weight 没有被冻结，将会更新。
参数 encoder.layers.encoder_layer_6.mlp.0.bias 没有被冻结，将会更新。
参数 encoder.layers.encoder_layer_6.mlp.3.weight 没有被冻结，将会更新。
参数 encoder.layers.encoder_layer_6.mlp.3.bias 没有被冻结，将会更新。
参数 encoder.layers.encoder_layer_7.ln_1.weight 没有被冻结，将会更新。
参数 encoder.layers.encoder_layer_7.ln_1.bias 没有被冻结，将会更新。
参数 encoder.layers.encoder_layer_7.self_attention.in_proj_weight 没有被冻结，将会更新。
参数 encoder.layers.encoder_layer_7.self_attention.in_proj_bias 没有被冻结，将会更新。
/home/jialiangfan/miniconda3/lib/python3.11/site-packages/torchvision/models/_utils.py:208: UserWarning: The parameter 'pretrained' is deprecated since 0.13 and may be removed in the future, please use 'weights' instead.
  warnings.warn(
/home/jialiangfan/miniconda3/lib/python3.11/site-packages/torchvision/models/_utils.py:223: UserWarning: Arguments other than a weight enum or `None` for 'weights' are deprecated since 0.13 and may be removed in the future. The current behavior is equivalent to passing `weights=ViT_B_16_Weights.IMAGENET1K_V1`. You can also use `weights=ViT_B_16_Weights.DEFAULT` to get the most up-to-date weights.
  warnings.warn(msg)
['no', 'yes']
['no', 'yes']
Sequential(
  (head): Linear(in_features=768, out_features=1000, bias=True)
)
VisionTransformer(
  (conv_proj): Conv2d(3, 768, kernel_size=(16, 16), stride=(16, 16))
  (encoder): Encoder(
    (dropout): Dropout(p=0.0, inplace=False)
    (layers): Sequential(
      (encoder_layer_0): EncoderBlock(
        (ln_1): LayerNorm((768,), eps=1e-06, elementwise_affine=True)
        (self_attention): MultiheadAttention(
          (out_proj): NonDynamicallyQuantizableLinear(in_features=768, out_features=768, bias=True)
        )
        (dropout): Dropout(p=0.0, inplace=False)
        (ln_2): LayerNorm((768,), eps=1e-06, elementwise_affine=True)
        (mlp): MLPBlock(
          (0): Linear(in_features=768, out_features=3072, bias=True)
          (1): GELU(approximate='none')
          (2): Dropout(p=0.0, inplace=False)
          (3): Linear(in_features=3072, out_features=768, bias=True)
          (4): Dropout(p=0.0, inplace=False)
        )
      )
      (encoder_layer_1): EncoderBlock(
        (ln_1): LayerNorm((768,), eps=1e-06, elementwise_affine=True)
        (self_attention): MultiheadAttention(
          (out_proj): NonDynamicallyQuantizableLinear(in_features=768, out_features=768, bias=True)
        )
        (dropout): Dropout(p=0.0, inplace=False)
        (ln_2): LayerNorm((768,), eps=1e-06, elementwise_affine=True)
        (mlp): MLPBlock(
          (0): Linear(in_features=768, out_features=3072, bias=True)
          (1): GELU(approximate='none')
          (2): Dropout(p=0.0, inplace=False)
          (3): Linear(in_features=3072, out_features=768, bias=True)
          (4): Dropout(p=0.0, inplace=False)
        )
      )
      (encoder_layer_2): EncoderBlock(
        (ln_1): LayerNorm((768,), eps=1e-06, elementwise_affine=True)
        (self_attention): MultiheadAttention(
          (out_proj): NonDynamicallyQuantizableLinear(in_features=768, out_features=768, bias=True)
        )
        (dropout): Dropout(p=0.0, inplace=False)
        (ln_2): LayerNorm((768,), eps=1e-06, elementwise_affine=True)
        (mlp): MLPBlock(
          (0): Linear(in_features=768, out_features=3072, bias=True)
          (1): GELU(approximate='none')
          (2): Dropout(p=0.0, inplace=False)
          (3): Linear(in_features=3072, out_features=768, bias=True)
          (4): Dropout(p=0.0, inplace=False)
        )
      )
      (encoder_layer_3): EncoderBlock(
        (ln_1): LayerNorm((768,), eps=1e-06, elementwise_affine=True)
        (self_attention): MultiheadAttention(
          (out_proj): NonDynamicallyQuantizableLinear(in_features=768, out_features=768, bias=True)
        )
        (dropout): Dropout(p=0.0, inplace=False)
        (ln_2): LayerNorm((768,), eps=1e-06, elementwise_affine=True)
        (mlp): MLPBlock(
          (0): Linear(in_features=768, out_features=3072, bias=True)
          (1): GELU(approximate='none')
          (2): Dropout(p=0.0, inplace=False)
          (3): Linear(in_features=3072, out_features=768, bias=True)
          (4): Dropout(p=0.0, inplace=False)
        )
      )
      (encoder_layer_4): EncoderBlock(
        (ln_1): LayerNorm((768,), eps=1e-06, elementwise_affine=True)
        (self_attention): MultiheadAttention(
          (out_proj): NonDynamicallyQuantizableLinear(in_features=768, out_features=768, bias=True)
        )
        (dropout): Dropout(p=0.0, inplace=False)
        (ln_2): LayerNorm((768,), eps=1e-06, elementwise_affine=True)
        (mlp): MLPBlock(
          (0): Linear(in_features=768, out_features=3072, bias=True)
          (1): GELU(approximate='none')
          (2): Dropout(p=0.0, inplace=False)
          (3): Linear(in_features=3072, out_features=768, bias=True)
          (4): Dropout(p=0.0, inplace=False)
        )
      )
      (encoder_layer_5): EncoderBlock(
        (ln_1): LayerNorm((768,), eps=1e-06, elementwise_affine=True)
        (self_attention): MultiheadAttention(
          (out_proj): NonDynamicallyQuantizableLinear(in_features=768, out_features=768, bias=True)
        )
        (dropout): Dropout(p=0.0, inplace=False)
        (ln_2): LayerNorm((768,), eps=1e-06, elementwise_affine=True)
        (mlp): MLPBlock(
          (0): Linear(in_features=768, out_features=3072, bias=True)
          (1): GELU(approximate='none')
          (2): Dropout(p=0.0, inplace=False)
          (3): Linear(in_features=3072, out_features=768, bias=True)
          (4): Dropout(p=0.0, inplace=False)
        )
      )
      (encoder_layer_6): EncoderBlock(
        (ln_1): LayerNorm((768,), eps=1e-06, elementwise_affine=True)
        (self_attention): MultiheadAttention(
          (out_proj): NonDynamicallyQuantizableLinear(in_features=768, out_features=768, bias=True)
        )
        (dropout): Dropout(p=0.0, inplace=False)
        (ln_2): LayerNorm((768,), eps=1e-06, elementwise_affine=True)
        (mlp): MLPBlock(
          (0): Linear(in_features=768, out_features=3072, bias=True)
          (1): GELU(approximate='none')
          (2): Dropout(p=0.0, inplace=False)
          (3): Linear(in_features=3072, out_features=768, bias=True)
          (4): Dropout(p=0.0, inplace=False)
        )
      )
      (encoder_layer_7): EncoderBlock(
        (ln_1): LayerNorm((768,), eps=1e-06, elementwise_affine=True)
        (self_attention): MultiheadAttention(
          (out_proj): NonDynamicallyQuantizableLinear(in_features=768, out_features=768, bias=True)
        )
        (dropout): Dropout(p=0.0, inplace=False)
        (ln_2): LayerNorm((768,), eps=1e-06, elementwise_affine=True)
        (mlp): MLPBlock(
          (0): Linear(in_features=768, out_features=3072, bias=True)
          (1): GELU(approximate='none')
          (2): Dropout(p=0.0, inplace=False)
          (3): Linear(in_features=3072, out_features=768, bias=True)
          (4): Dropout(p=0.0, inplace=False)
        )
      )
      (encoder_layer_8): EncoderBlock(
        (ln_1): LayerNorm((768,), eps=1e-06, elementwise_affine=True)
        (self_attention): MultiheadAttention(
          (out_proj): NonDynamicallyQuantizableLinear(in_features=768, out_features=768, bias=True)
        )
        (dropout): Dropout(p=0.0, inplace=False)
        (ln_2): LayerNorm((768,), eps=1e-06, elementwise_affine=True)
        (mlp): MLPBlock(
          (0): Linear(in_features=768, out_features=3072, bias=True)
          (1): GELU(approximate='none')
          (2): Dropout(p=0.0, inplace=False)
          (3): Linear(in_features=3072, out_features=768, bias=True)
          (4): Dropout(p=0.0, inplace=False)
        )
      )
      (encoder_layer_9): EncoderBlock(
        (ln_1): LayerNorm((768,), eps=1e-06, elementwise_affine=True)
        (self_attention): MultiheadAttention(
          (out_proj): NonDynamicallyQuantizableLinear(in_features=768, out_features=768, bias=True)
        )
        (dropout): Dropout(p=0.0, inplace=False)
        (ln_2): LayerNorm((768,), eps=1e-06, elementwise_affine=True)
        (mlp): MLPBlock(
          (0): Linear(in_features=768, out_features=3072, bias=True)
          (1): GELU(approximate='none')
          (2): Dropout(p=0.0, inplace=False)
          (3): Linear(in_features=3072, out_features=768, bias=True)
          (4): Dropout(p=0.0, inplace=False)
        )
      )
      (encoder_layer_10): EncoderBlock(
        (ln_1): LayerNorm((768,), eps=1e-06, elementwise_affine=True)
        (self_attention): MultiheadAttention(
          (out_proj): NonDynamicallyQuantizableLinear(in_features=768, out_features=768, bias=True)
        )
        (dropout): Dropout(p=0.0, inplace=False)
        (ln_2): LayerNorm((768,), eps=1e-06, elementwise_affine=True)
        (mlp): MLPBlock(
          (0): Linear(in_features=768, out_features=3072, bias=True)
          (1): GELU(approximate='none')
          (2): Dropout(p=0.0, inplace=False)
          (3): Linear(in_features=3072, out_features=768, bias=True)
          (4): Dropout(p=0.0, inplace=False)
        )
      )
      (encoder_layer_11): EncoderBlock(
        (ln_1): LayerNorm((768,), eps=1e-06, elementwise_affine=True)
        (self_attention): MultiheadAttention(
          (out_proj): NonDynamicallyQuantizableLinear(in_features=768, out_features=768, bias=True)
        )
        (dropout): Dropout(p=0.0, inplace=False)
        (ln_2): LayerNorm((768,), eps=1e-06, elementwise_affine=True)
        (mlp): MLPBlock(
          (0): Linear(in_features=768, out_features=3072, bias=True)
          (1): GELU(approximate='none')
          (2): Dropout(p=0.0, inplace=False)
          (3): Linear(in_features=3072, out_features=768, bias=True)
          (4): Dropout(p=0.0, inplace=False)
        )
      )
    )
    (ln): LayerNorm((768,), eps=1e-06, elementwise_affine=True)
  )
  (heads): Sequential(
    (head): Linear(in_features=768, out_features=1000, bias=True)
  )
)
参数 class_token 没有被冻结，将会更新。
参数 conv_proj.weight 没有被冻结，将会更新。
参数 conv_proj.bias 没有被冻结，将会更新。
参数 encoder.pos_embedding 没有被冻结，将会更新。
参数 encoder.layers.encoder_layer_0.ln_1.weight 没有被冻结，将会更新。
参数 encoder.layers.encoder_layer_0.ln_1.bias 没有被冻结，将会更新。
参数 encoder.layers.encoder_layer_0.self_attention.in_proj_weight 没有被冻结，将会更新。
参数 encoder.layers.encoder_layer_0.self_attention.in_proj_bias 没有被冻结，将会更新。
参数 encoder.layers.encoder_layer_0.self_attention.out_proj.weight 没有被冻结，将会更新。
参数 encoder.layers.encoder_layer_0.self_attention.out_proj.bias 没有被冻结，将会更新。
参数 encoder.layers.encoder_layer_0.ln_2.weight 没有被冻结，将会更新。
参数 encoder.layers.encoder_layer_0.ln_2.bias 没有被冻结，将会更新。
参数 encoder.layers.encoder_layer_0.mlp.0.weight 没有被冻结，将会更新。
参数 encoder.layers.encoder_layer_0.mlp.0.bias 没有被冻结，将会更新。
参数 encoder.layers.encoder_layer_0.mlp.3.weight 没有被冻结，将会更新。
参数 encoder.layers.encoder_layer_0.mlp.3.bias 没有被冻结，将会更新。
参数 encoder.layers.encoder_layer_1.ln_1.weight 没有被冻结，将会更新。
参数 encoder.layers.encoder_layer_1.ln_1.bias 没有被冻结，将会更新。
参数 encoder.layers.encoder_layer_1.self_attention.in_proj_weight 没有被冻结，将会更新。
参数 encoder.layers.encoder_layer_1.self_attention.in_proj_bias 没有被冻结，将会更新。
参数 encoder.layers.encoder_layer_1.self_attention.out_proj.weight 没有被冻结，将会更新。
参数 encoder.layers.encoder_layer_1.self_attention.out_proj.bias 没有被冻结，将会更新。
参数 encoder.layers.encoder_layer_1.ln_2.weight 没有被冻结，将会更新。
参数 encoder.layers.encoder_layer_1.ln_2.bias 没有被冻结，将会更新。
参数 encoder.layers.encoder_layer_1.mlp.0.weight 没有被冻结，将会更新。
参数 encoder.layers.encoder_layer_1.mlp.0.bias 没有被冻结，将会更新。
参数 encoder.layers.encoder_layer_1.mlp.3.weight 没有被冻结，将会更新。
参数 encoder.layers.encoder_layer_1.mlp.3.bias 没有被冻结，将会更新。
参数 encoder.layers.encoder_layer_2.ln_1.weight 没有被冻结，将会更新。
参数 encoder.layers.encoder_layer_2.ln_1.bias 没有被冻结，将会更新。
参数 encoder.layers.encoder_layer_2.self_attention.in_proj_weight 没有被冻结，将会更新。
参数 encoder.layers.encoder_layer_2.self_attention.in_proj_bias 没有被冻结，将会更新。
参数 encoder.layers.encoder_layer_2.self_attention.out_proj.weight 没有被冻结，将会更新。
参数 encoder.layers.encoder_layer_2.self_attention.out_proj.bias 没有被冻结，将会更新。
参数 encoder.layers.encoder_layer_2.ln_2.weight 没有被冻结，将会更新。
参数 encoder.layers.encoder_layer_2.ln_2.bias 没有被冻结，将会更新。
参数 encoder.layers.encoder_layer_2.mlp.0.weight 没有被冻结，将会更新。
参数 encoder.layers.encoder_layer_2.mlp.0.bias 没有被冻结，将会更新。
参数 encoder.layers.encoder_layer_2.mlp.3.weight 没有被冻结，将会更新。
参数 encoder.layers.encoder_layer_2.mlp.3.bias 没有被冻结，将会更新。
参数 encoder.layers.encoder_layer_3.ln_1.weight 没有被冻结，将会更新。
参数 encoder.layers.encoder_layer_3.ln_1.bias 没有被冻结，将会更新。
参数 encoder.layers.encoder_layer_3.self_attention.in_proj_weight 没有被冻结，将会更新。
参数 encoder.layers.encoder_layer_3.self_attention.in_proj_bias 没有被冻结，将会更新。
参数 encoder.layers.encoder_layer_3.self_attention.out_proj.weight 没有被冻结，将会更新。
参数 encoder.layers.encoder_layer_3.self_attention.out_proj.bias 没有被冻结，将会更新。
参数 encoder.layers.encoder_layer_3.ln_2.weight 没有被冻结，将会更新。
参数 encoder.layers.encoder_layer_3.ln_2.bias 没有被冻结，将会更新。
参数 encoder.layers.encoder_layer_3.mlp.0.weight 没有被冻结，将会更新。
参数 encoder.layers.encoder_layer_3.mlp.0.bias 没有被冻结，将会更新。
参数 encoder.layers.encoder_layer_3.mlp.3.weight 没有被冻结，将会更新。
参数 encoder.layers.encoder_layer_3.mlp.3.bias 没有被冻结，将会更新。
参数 encoder.layers.encoder_layer_4.ln_1.weight 没有被冻结，将会更新。
参数 encoder.layers.encoder_layer_4.ln_1.bias 没有被冻结，将会更新。
参数 encoder.layers.encoder_layer_4.self_attention.in_proj_weight 没有被冻结，将会更新。
参数 encoder.layers.encoder_layer_4.self_attention.in_proj_bias 没有被冻结，将会更新。
参数 encoder.layers.encoder_layer_4.self_attention.out_proj.weight 没有被冻结，将会更新。
参数 encoder.layers.encoder_layer_4.self_attention.out_proj.bias 没有被冻结，将会更新。
参数 encoder.layers.encoder_layer_4.ln_2.weight 没有被冻结，将会更新。
参数 encoder.layers.encoder_layer_4.ln_2.bias 没有被冻结，将会更新。
参数 encoder.layers.encoder_layer_4.mlp.0.weight 没有被冻结，将会更新。
参数 encoder.layers.encoder_layer_4.mlp.0.bias 没有被冻结，将会更新。
参数 encoder.layers.encoder_layer_4.mlp.3.weight 没有被冻结，将会更新。
参数 encoder.layers.encoder_layer_4.mlp.3.bias 没有被冻结，将会更新。
参数 encoder.layers.encoder_layer_5.ln_1.weight 没有被冻结，将会更新。
参数 encoder.layers.encoder_layer_5.ln_1.bias 没有被冻结，将会更新。
参数 encoder.layers.encoder_layer_5.self_attention.in_proj_weight 没有被冻结，将会更新。
参数 encoder.layers.encoder_layer_5.self_attention.in_proj_bias 没有被冻结，将会更新。
参数 encoder.layers.encoder_layer_5.self_attention.out_proj.weight 没有被冻结，将会更新。
参数 encoder.layers.encoder_layer_5.self_attention.out_proj.bias 没有被冻结，将会更新。
参数 encoder.layers.encoder_layer_5.ln_2.weight 没有被冻结，将会更新。
参数 encoder.layers.encoder_layer_5.ln_2.bias 没有被冻结，将会更新。
参数 encoder.layers.encoder_layer_5.mlp.0.weight 没有被冻结，将会更新。
参数 encoder.layers.encoder_layer_5.mlp.0.bias 没有被冻结，将会更新。
参数 encoder.layers.encoder_layer_5.mlp.3.weight 没有被冻结，将会更新。
参数 encoder.layers.encoder_layer_5.mlp.3.bias 没有被冻结，将会更新。
参数 encoder.layers.encoder_layer_6.ln_1.weight 没有被冻结，将会更新。
参数 encoder.layers.encoder_layer_6.ln_1.bias 没有被冻结，将会更新。
参数 encoder.layers.encoder_layer_6.self_attention.in_proj_weight 没有被冻结，将会更新。
参数 encoder.layers.encoder_layer_6.self_attention.in_proj_bias 没有被冻结，将会更新。
参数 encoder.layers.encoder_layer_6.self_attention.out_proj.weight 没有被冻结，将会更新。
参数 encoder.layers.encoder_layer_6.self_attention.out_proj.bias 没有被冻结，将会更新。
参数 encoder.layers.encoder_layer_6.ln_2.weight 没有被冻结，将会更新。
参数 encoder.layers.encoder_layer_6.ln_2.bias 没有被冻结，将会更新。
参数 encoder.layers.encoder_layer_6.mlp.0.weight 没有被冻结，将会更新。
参数 encoder.layers.encoder_layer_6.mlp.0.bias 没有被冻结，将会更新。
参数 encoder.layers.encoder_layer_6.mlp.3.weight 没有被冻结，将会更新。
参数 encoder.layers.encoder_layer_6.mlp.3.bias 没有被冻结，将会更新。
参数 encoder.layers.encoder_layer_7.ln_1.weight 没有被冻结，将会更新。
参数 encoder.layers.encoder_layer_7.ln_1.bias 没有被冻结，将会更新。
参数 encoder.layers.encoder_layer_7.self_attention.in_proj_weight 没有被冻结，将会更新。
参数 encoder.layers.encoder_layer_7.self_attention.in_proj_bias 没有被冻结，将会更新。
/home/jialiangfan/miniconda3/lib/python3.11/site-packages/torchvision/models/_utils.py:223: UserWarning: Arguments other than a weight enum or `None` for 'weights' are deprecated since 0.13 and may be removed in the future. The current behavior is equivalent to passing `weights=None`.
  warnings.warn(msg)
参数 encoder.layers.encoder_layer_7.self_attention.out_proj.weight 没有被冻结，将会更新。
参数 encoder.layers.encoder_layer_7.self_attention.out_proj.bias 没有被冻结，将会更新。
参数 encoder.layers.encoder_layer_7.ln_2.weight 没有被冻结，将会更新。
参数 encoder.layers.encoder_layer_7.ln_2.bias 没有被冻结，将会更新。
参数 encoder.layers.encoder_layer_7.mlp.0.weight 没有被冻结，将会更新。
参数 encoder.layers.encoder_layer_7.mlp.0.bias 没有被冻结，将会更新。
参数 encoder.layers.encoder_layer_7.mlp.3.weight 没有被冻结，将会更新。
参数 encoder.layers.encoder_layer_7.mlp.3.bias 没有被冻结，将会更新。
参数 encoder.layers.encoder_layer_8.ln_1.weight 没有被冻结，将会更新。
参数 encoder.layers.encoder_layer_8.ln_1.bias 没有被冻结，将会更新。
参数 encoder.layers.encoder_layer_8.self_attention.in_proj_weight 没有被冻结，将会更新。
参数 encoder.layers.encoder_layer_8.self_attention.in_proj_bias 没有被冻结，将会更新。
参数 encoder.layers.encoder_layer_8.self_attention.out_proj.weight 没有被冻结，将会更新。
参数 encoder.layers.encoder_layer_8.self_attention.out_proj.bias 没有被冻结，将会更新。
参数 encoder.layers.encoder_layer_8.ln_2.weight 没有被冻结，将会更新。
参数 encoder.layers.encoder_layer_8.ln_2.bias 没有被冻结，将会更新。
参数 encoder.layers.encoder_layer_8.mlp.0.weight 没有被冻结，将会更新。
参数 encoder.layers.encoder_layer_8.mlp.0.bias 没有被冻结，将会更新。
参数 encoder.layers.encoder_layer_8.mlp.3.weight 没有被冻结，将会更新。
参数 encoder.layers.encoder_layer_8.mlp.3.bias 没有被冻结，将会更新。
参数 encoder.layers.encoder_layer_9.ln_1.weight 没有被冻结，将会更新。
参数 encoder.layers.encoder_layer_9.ln_1.bias 没有被冻结，将会更新。
参数 encoder.layers.encoder_layer_9.self_attention.in_proj_weight 没有被冻结，将会更新。
参数 encoder.layers.encoder_layer_9.self_attention.in_proj_bias 没有被冻结，将会更新。
参数 encoder.layers.encoder_layer_9.self_attention.out_proj.weight 没有被冻结，将会更新。
参数 encoder.layers.encoder_layer_9.self_attention.out_proj.bias 没有被冻结，将会更新。
参数 encoder.layers.encoder_layer_9.ln_2.weight 没有被冻结，将会更新。
参数 encoder.layers.encoder_layer_9.ln_2.bias 没有被冻结，将会更新。
参数 encoder.layers.encoder_layer_9.mlp.0.weight 没有被冻结，将会更新。
参数 encoder.layers.encoder_layer_9.mlp.0.bias 没有被冻结，将会更新。
参数 encoder.layers.encoder_layer_9.mlp.3.weight 没有被冻结，将会更新。
参数 encoder.layers.encoder_layer_9.mlp.3.bias 没有被冻结，将会更新。
参数 encoder.layers.encoder_layer_10.ln_1.weight 没有被冻结，将会更新。
参数 encoder.layers.encoder_layer_10.ln_1.bias 没有被冻结，将会更新。
参数 encoder.layers.encoder_layer_10.self_attention.in_proj_weight 没有被冻结，将会更新。
参数 encoder.layers.encoder_layer_10.self_attention.in_proj_bias 没有被冻结，将会更新。
参数 encoder.layers.encoder_layer_10.self_attention.out_proj.weight 没有被冻结，将会更新。
参数 encoder.layers.encoder_layer_10.self_attention.out_proj.bias 没有被冻结，将会更新。
参数 encoder.layers.encoder_layer_10.ln_2.weight 没有被冻结，将会更新。
参数 encoder.layers.encoder_layer_10.ln_2.bias 没有被冻结，将会更新。
参数 encoder.layers.encoder_layer_10.mlp.0.weight 没有被冻结，将会更新。
参数 encoder.layers.encoder_layer_10.mlp.0.bias 没有被冻结，将会更新。
参数 encoder.layers.encoder_layer_10.mlp.3.weight 没有被冻结，将会更新。
参数 encoder.layers.encoder_layer_10.mlp.3.bias 没有被冻结，将会更新。
参数 encoder.layers.encoder_layer_11.ln_1.weight 没有被冻结，将会更新。
参数 encoder.layers.encoder_layer_11.ln_1.bias 没有被冻结，将会更新。
参数 encoder.layers.encoder_layer_11.self_attention.in_proj_weight 没有被冻结，将会更新。
参数 encoder.layers.encoder_layer_11.self_attention.in_proj_bias 没有被冻结，将会更新。
参数 encoder.layers.encoder_layer_11.self_attention.out_proj.weight 没有被冻结，将会更新。
参数 encoder.layers.encoder_layer_11.self_attention.out_proj.bias 没有被冻结，将会更新。
参数 encoder.layers.encoder_layer_11.ln_2.weight 没有被冻结，将会更新。
参数 encoder.layers.encoder_layer_11.ln_2.bias 没有被冻结，将会更新。
参数 encoder.layers.encoder_layer_11.mlp.0.weight 没有被冻结，将会更新。
参数 encoder.layers.encoder_layer_11.mlp.0.bias 没有被冻结，将会更新。
参数 encoder.layers.encoder_layer_11.mlp.3.weight 没有被冻结，将会更新。
参数 encoder.layers.encoder_layer_11.mlp.3.bias 没有被冻结，将会更新。
参数 encoder.ln.weight 没有被冻结，将会更新。
参数 encoder.ln.bias 没有被冻结，将会更新。
参数 heads.weight 没有被冻结，将会更新。
参数 heads.bias 没有被冻结，将会更新。
Epoch 0 running
[Train #0] Loss: 0.1258 Acc: 95.2515% Time: 226.8912s
[Test #0] Loss: 0.0804 Acc: 97.0811% Time: 243.3084s
Epoch 1 running
[Train #1] Loss: 0.0607 Acc: 97.7929% Time: 532.0908s
[Test #1] Loss: 0.0565 Acc: 97.9530% Time: 548.5416s
Epoch 2 running
[Train #2] Loss: 0.0427 Acc: 98.4484% Time: 837.3069s
[Test #2] Loss: 0.0977 Acc: 97.1569% Time: 853.7530s
Epoch 3 running
[Train #3] Loss: 0.0380 Acc: 98.6089% Time: 1142.4831s
[Test #3] Loss: 0.0466 Acc: 98.2563% Time: 1158.9052s
Epoch 4 running
[Train #4] Loss: 0.0288 Acc: 98.9901% Time: 1447.6038s
[Test #4] Loss: 0.0408 Acc: 98.3321% Time: 1464.0393s
Epoch 5 running
[Train #5] Loss: 0.0254 Acc: 99.1105% Time: 1752.7852s
[Test #5] Loss: 0.0761 Acc: 97.8014% Time: 1769.2733s
Epoch 6 running
[Train #6] Loss: 0.0209 Acc: 99.2108% Time: 2058.0104s
[Test #6] Loss: 0.0635 Acc: 98.2184% Time: 2074.4599s
Epoch 7 running
[Train #7] Loss: 0.0248 Acc: 99.1305% Time: 2363.1291s
[Test #7] Loss: 0.0426 Acc: 98.5595% Time: 2379.5662s
Epoch 8 running
[Train #8] Loss: 0.0155 Acc: 99.4716% Time: 2668.0826s
[Test #8] Loss: 0.0550 Acc: 98.6353% Time: 2684.5928s
Epoch 9 running
[Train #9] Loss: 0.0147 Acc: 99.5318% Time: 2973.3363s
[Test #9] Loss: 0.0499 Acc: 98.8628% Time: 2989.7796s
======>RESULTS<======
[Test #9] Loss: 0.0499 Acc: 98.8628% Time: 16.3261s
/home/jialiangfan/miniconda3/lib/python3.11/site-packages/torchvision/models/_utils.py:223: UserWarning: Arguments other than a weight enum or `None` for 'weights' are deprecated since 0.13 and may be removed in the future. The current behavior is equivalent to passing `weights=None`.
  warnings.warn(msg)
参数 encoder.layers.encoder_layer_7.self_attention.out_proj.weight 没有被冻结，将会更新。
参数 encoder.layers.encoder_layer_7.self_attention.out_proj.bias 没有被冻结，将会更新。
参数 encoder.layers.encoder_layer_7.ln_2.weight 没有被冻结，将会更新。
参数 encoder.layers.encoder_layer_7.ln_2.bias 没有被冻结，将会更新。
参数 encoder.layers.encoder_layer_7.mlp.0.weight 没有被冻结，将会更新。
参数 encoder.layers.encoder_layer_7.mlp.0.bias 没有被冻结，将会更新。
参数 encoder.layers.encoder_layer_7.mlp.3.weight 没有被冻结，将会更新。
参数 encoder.layers.encoder_layer_7.mlp.3.bias 没有被冻结，将会更新。
参数 encoder.layers.encoder_layer_8.ln_1.weight 没有被冻结，将会更新。
参数 encoder.layers.encoder_layer_8.ln_1.bias 没有被冻结，将会更新。
参数 encoder.layers.encoder_layer_8.self_attention.in_proj_weight 没有被冻结，将会更新。
参数 encoder.layers.encoder_layer_8.self_attention.in_proj_bias 没有被冻结，将会更新。
参数 encoder.layers.encoder_layer_8.self_attention.out_proj.weight 没有被冻结，将会更新。
参数 encoder.layers.encoder_layer_8.self_attention.out_proj.bias 没有被冻结，将会更新。
参数 encoder.layers.encoder_layer_8.ln_2.weight 没有被冻结，将会更新。
参数 encoder.layers.encoder_layer_8.ln_2.bias 没有被冻结，将会更新。
参数 encoder.layers.encoder_layer_8.mlp.0.weight 没有被冻结，将会更新。
参数 encoder.layers.encoder_layer_8.mlp.0.bias 没有被冻结，将会更新。
参数 encoder.layers.encoder_layer_8.mlp.3.weight 没有被冻结，将会更新。
参数 encoder.layers.encoder_layer_8.mlp.3.bias 没有被冻结，将会更新。
参数 encoder.layers.encoder_layer_9.ln_1.weight 没有被冻结，将会更新。
参数 encoder.layers.encoder_layer_9.ln_1.bias 没有被冻结，将会更新。
参数 encoder.layers.encoder_layer_9.self_attention.in_proj_weight 没有被冻结，将会更新。
参数 encoder.layers.encoder_layer_9.self_attention.in_proj_bias 没有被冻结，将会更新。
参数 encoder.layers.encoder_layer_9.self_attention.out_proj.weight 没有被冻结，将会更新。
参数 encoder.layers.encoder_layer_9.self_attention.out_proj.bias 没有被冻结，将会更新。
参数 encoder.layers.encoder_layer_9.ln_2.weight 没有被冻结，将会更新。
参数 encoder.layers.encoder_layer_9.ln_2.bias 没有被冻结，将会更新。
参数 encoder.layers.encoder_layer_9.mlp.0.weight 没有被冻结，将会更新。
参数 encoder.layers.encoder_layer_9.mlp.0.bias 没有被冻结，将会更新。
参数 encoder.layers.encoder_layer_9.mlp.3.weight 没有被冻结，将会更新。
参数 encoder.layers.encoder_layer_9.mlp.3.bias 没有被冻结，将会更新。
参数 encoder.layers.encoder_layer_10.ln_1.weight 没有被冻结，将会更新。
参数 encoder.layers.encoder_layer_10.ln_1.bias 没有被冻结，将会更新。
参数 encoder.layers.encoder_layer_10.self_attention.in_proj_weight 没有被冻结，将会更新。
参数 encoder.layers.encoder_layer_10.self_attention.in_proj_bias 没有被冻结，将会更新。
参数 encoder.layers.encoder_layer_10.self_attention.out_proj.weight 没有被冻结，将会更新。
参数 encoder.layers.encoder_layer_10.self_attention.out_proj.bias 没有被冻结，将会更新。
参数 encoder.layers.encoder_layer_10.ln_2.weight 没有被冻结，将会更新。
参数 encoder.layers.encoder_layer_10.ln_2.bias 没有被冻结，将会更新。
参数 encoder.layers.encoder_layer_10.mlp.0.weight 没有被冻结，将会更新。
参数 encoder.layers.encoder_layer_10.mlp.0.bias 没有被冻结，将会更新。
参数 encoder.layers.encoder_layer_10.mlp.3.weight 没有被冻结，将会更新。
参数 encoder.layers.encoder_layer_10.mlp.3.bias 没有被冻结，将会更新。
参数 encoder.layers.encoder_layer_11.ln_1.weight 没有被冻结，将会更新。
参数 encoder.layers.encoder_layer_11.ln_1.bias 没有被冻结，将会更新。
参数 encoder.layers.encoder_layer_11.self_attention.in_proj_weight 没有被冻结，将会更新。
参数 encoder.layers.encoder_layer_11.self_attention.in_proj_bias 没有被冻结，将会更新。
参数 encoder.layers.encoder_layer_11.self_attention.out_proj.weight 没有被冻结，将会更新。
参数 encoder.layers.encoder_layer_11.self_attention.out_proj.bias 没有被冻结，将会更新。
参数 encoder.layers.encoder_layer_11.ln_2.weight 没有被冻结，将会更新。
参数 encoder.layers.encoder_layer_11.ln_2.bias 没有被冻结，将会更新。
参数 encoder.layers.encoder_layer_11.mlp.0.weight 没有被冻结，将会更新。
参数 encoder.layers.encoder_layer_11.mlp.0.bias 没有被冻结，将会更新。
参数 encoder.layers.encoder_layer_11.mlp.3.weight 没有被冻结，将会更新。
参数 encoder.layers.encoder_layer_11.mlp.3.bias 没有被冻结，将会更新。
参数 encoder.ln.weight 没有被冻结，将会更新。
参数 encoder.ln.bias 没有被冻结，将会更新。
参数 heads.weight 没有被冻结，将会更新。
参数 heads.bias 没有被冻结，将会更新。
Epoch 0 running
[Train #0] Loss: 0.1234 Acc: 95.2047% Time: 289.7635s
[Test #0] Loss: 0.0797 Acc: 97.2707% Time: 306.2016s
Epoch 1 running
[Train #1] Loss: 0.0570 Acc: 97.8799% Time: 594.9270s
[Test #1] Loss: 0.0639 Acc: 97.6497% Time: 611.3626s
Epoch 2 running
[Train #2] Loss: 0.0412 Acc: 98.5286% Time: 900.1885s
[Test #2] Loss: 0.0975 Acc: 96.0197% Time: 916.6068s
Epoch 3 running
[Train #3] Loss: 0.0331 Acc: 98.7828% Time: 1205.1984s
[Test #3] Loss: 0.0624 Acc: 97.9909% Time: 1221.5976s
Epoch 4 running
[Train #4] Loss: 0.0291 Acc: 98.9299% Time: 1510.1883s
[Test #4] Loss: 0.0765 Acc: 97.6497% Time: 1526.5571s
Epoch 5 running
[Train #5] Loss: 0.0247 Acc: 99.1439% Time: 1815.2339s
[Test #5] Loss: 0.0632 Acc: 97.4223% Time: 1831.6327s
Epoch 6 running
[Train #6] Loss: 0.0228 Acc: 99.1974% Time: 2120.3953s
[Test #6] Loss: 0.0485 Acc: 98.0667% Time: 2136.8105s
Epoch 7 running
[Train #7] Loss: 0.0150 Acc: 99.5051% Time: 2425.2815s
[Test #7] Loss: 0.0834 Acc: 98.0288% Time: 2441.6258s
Epoch 8 running
[Train #8] Loss: 0.0157 Acc: 99.4984% Time: 2730.0739s
[Test #8] Loss: 0.0946 Acc: 97.6497% Time: 2746.4553s
Epoch 9 running
[Train #9] Loss: 0.0242 Acc: 99.1707% Time: 2987.2632s
[Test #9] Loss: 0.0651 Acc: 97.7256% Time: 2994.6329s
======>RESULTS<======
[Test #9] Loss: 0.0651 Acc: 97.7256% Time: 7.3448s
