/home/jialiangfan/miniconda3/envs/medical/lib/python3.8/site-packages/torchvision/models/_utils.py:208: UserWarning: The parameter 'pretrained' is deprecated since 0.13 and may be removed in the future, please use 'weights' instead.
  warnings.warn(
/home/jialiangfan/miniconda3/envs/medical/lib/python3.8/site-packages/torchvision/models/_utils.py:223: UserWarning: Arguments other than a weight enum or `None` for 'weights' are deprecated since 0.13 and may be removed in the future. The current behavior is equivalent to passing `weights=AlexNet_Weights.IMAGENET1K_V1`. You can also use `weights=AlexNet_Weights.DEFAULT` to get the most up-to-date weights.
  warnings.warn(msg)
/home/jialiangfan/miniconda3/envs/medical/lib/python3.8/site-packages/torch/nn/modules/conv.py:456: UserWarning: Plan failed with a cudnnException: CUDNN_BACKEND_EXECUTION_PLAN_DESCRIPTOR: cudnnFinalize Descriptor Failed cudnn_status: CUDNN_STATUS_NOT_SUPPORTED (Triggered internally at ../aten/src/ATen/native/cudnn/Conv_v8.cpp:919.)
  return F.conv2d(input, weight, bias, self.stride,
data_argument True
num_epochs 10
batch_size 32
model_type: Alexnet
pretrained True
optimizer_type: AdamW
optimizer_type 2
device 0
this is the pretrained: True
this is label2 counter:  Counter({0: 6093, 3: 4407, 1: 1656, 2: 495})
max label2 count:  6093
total num before first balance:  12651
Deep:  6093
Lobar:  1656
Subtentorial:  495
total num after first balance:  21408
counter after first balance:  Counter({0: 6093, 2: 5940, 1: 4968, 3: 4407})
total num before second balance:  21408
no tumor:  4407
tumor:  17001
max label1 count:  17001
total num after balance:  30222
no tumor:  13221
tumor:  17001
train_dataset 24177
val_dataset 3022
test_dataset 3023
batch size is 32
Epoch 0 running
Current time: 2024-06-11 01:37:44.821742 [Train #0] Loss: 0.4872 Acc: 90.3214% Time: 53.6793s
Best model found at epoch 0 with loss: 0.25192371994986745
[Test #0] Loss: 0.2519 Acc: 95.4831% Time: 58.3210s
Epoch 1 running
Current time: 2024-06-11 01:38:52.078041 [Train #1] Loss: 0.1602 Acc: 97.3280% Time: 120.9356s
Best model found at epoch 1 with loss: 0.1261415921008642
[Test #1] Loss: 0.1261 Acc: 97.9318% Time: 128.1466s
Epoch 2 running
Current time: 2024-06-11 01:40:03.080103 [Train #2] Loss: 0.0982 Acc: 98.4903% Time: 191.9376s
Best model found at epoch 2 with loss: 0.0720535521275314
[Test #2] Loss: 0.0721 Acc: 99.0735% Time: 199.1194s
Epoch 3 running
Current time: 2024-06-11 01:41:06.011726 [Train #3] Loss: 0.0692 Acc: 98.9473% Time: 254.8692s
Best model found at epoch 3 with loss: 0.05162887271027704
[Test #3] Loss: 0.0516 Acc: 99.4540% Time: 262.0252s
Epoch 4 running
Current time: 2024-06-11 01:42:01.842907 [Train #4] Loss: 0.0531 Acc: 99.1893% Time: 310.7003s
Best model found at epoch 4 with loss: 0.03972563335288644
[Test #4] Loss: 0.0397 Acc: 99.5864% Time: 315.3406s
Epoch 5 running
Current time: 2024-06-11 01:42:56.560075 [Train #5] Loss: 0.0433 Acc: 99.3630% Time: 365.4176s
Best model found at epoch 5 with loss: 0.031718238831937196
[Test #5] Loss: 0.0317 Acc: 99.6360% Time: 370.0483s
Epoch 6 running
Current time: 2024-06-11 01:43:52.152829 [Train #6] Loss: 0.0383 Acc: 99.4189% Time: 421.0103s
[Test #6] Loss: 0.0318 Acc: 99.6360% Time: 425.5991s
Epoch 7 running
Current time: 2024-06-11 01:44:45.179945 [Train #7] Loss: 0.0307 Acc: 99.5988% Time: 474.0375s
Best model found at epoch 7 with loss: 0.027939558098207317
[Test #7] Loss: 0.0279 Acc: 99.6525% Time: 481.2160s
Epoch 8 running
Current time: 2024-06-11 01:45:46.769009 [Train #8] Loss: 0.0255 Acc: 99.6670% Time: 535.6266s
Best model found at epoch 8 with loss: 0.026749706051104674
[Test #8] Loss: 0.0267 Acc: 99.6691% Time: 540.2269s
Epoch 9 running
Current time: 2024-06-11 01:46:40.474396 [Train #9] Loss: 0.0204 Acc: 99.7539% Time: 589.3319s
Best model found at epoch 9 with loss: 0.018275645813300052
[Test #9] Loss: 0.0183 Acc: 99.7187% Time: 593.9329s
