/home/jialiangfan/miniconda3/envs/medical/lib/python3.8/site-packages/torchvision/models/_utils.py:208: UserWarning: The parameter 'pretrained' is deprecated since 0.13 and may be removed in the future, please use 'weights' instead.
  warnings.warn(
/home/jialiangfan/miniconda3/envs/medical/lib/python3.8/site-packages/torchvision/models/_utils.py:223: UserWarning: Arguments other than a weight enum or `None` for 'weights' are deprecated since 0.13 and may be removed in the future. The current behavior is equivalent to passing `weights=ResNet50_Weights.IMAGENET1K_V1`. You can also use `weights=ResNet50_Weights.DEFAULT` to get the most up-to-date weights.
  warnings.warn(msg)
data_argument True
num_epochs 10
batch_size 32
model_type: ResNet50
pretrained True
optimizer_type: AdamW
optimizer_type 2
device 1
this is the pretrained: True
this is label2 counter:  Counter({0: 6093, 3: 4407, 1: 1656, 2: 495})
max label2 count:  6093
total num before first balance:  12651
Deep:  6093
Lobar:  1656
Subtentorial:  495
total num after first balance:  21408
counter after first balance:  Counter({0: 6093, 2: 5940, 1: 4968, 3: 4407})
total num before second balance:  21408
no tumor:  4407
tumor:  17001
max label1 count:  17001
total num after balance:  30222
no tumor:  13221
tumor:  17001
train_dataset 24177
val_dataset 3022
test_dataset 3023
batch size is 32
Epoch 0 running
Current time: 2024-06-11 02:11:15.817386 [Train #0] Loss: 0.3593 Acc: 93.4090% Time: 82.2935s
Best model found at epoch 0 with loss: 0.0866621349827885
[Test #0] Loss: 0.0867 Acc: 98.4613% Time: 87.9612s
Epoch 1 running
Current time: 2024-06-11 02:12:43.426270 [Train #1] Loss: 0.0820 Acc: 98.7467% Time: 169.9022s
Best model found at epoch 1 with loss: 0.026443498074751985
[Test #1] Loss: 0.0264 Acc: 99.6856% Time: 175.5345s
Epoch 2 running
Current time: 2024-06-11 02:14:11.080907 [Train #2] Loss: 0.0439 Acc: 99.3237% Time: 257.5568s
Best model found at epoch 2 with loss: 0.014948421082700388
[Test #2] Loss: 0.0149 Acc: 99.8180% Time: 263.1829s
Epoch 3 running
Current time: 2024-06-11 02:15:38.145923 [Train #3] Loss: 0.0275 Acc: 99.6071% Time: 344.6219s
Best model found at epoch 3 with loss: 0.009299075985845107
[Test #3] Loss: 0.0093 Acc: 99.8180% Time: 350.2595s
Epoch 4 running
Current time: 2024-06-11 02:17:07.398251 [Train #4] Loss: 0.0227 Acc: 99.6588% Time: 433.8742s
[Test #4] Loss: 0.0159 Acc: 99.7022% Time: 439.5236s
Epoch 5 running
Current time: 2024-06-11 02:18:35.127880 [Train #5] Loss: 0.0204 Acc: 99.6670% Time: 521.6038s
[Test #5] Loss: 0.0139 Acc: 99.7684% Time: 527.2583s
Epoch 6 running
Current time: 2024-06-11 02:20:02.110225 [Train #6] Loss: 0.0164 Acc: 99.7249% Time: 608.5863s
[Test #6] Loss: 0.0183 Acc: 99.6195% Time: 614.2220s
Epoch 7 running
Current time: 2024-06-11 02:21:30.356825 [Train #7] Loss: 0.0189 Acc: 99.7229% Time: 696.8327s
[Test #7] Loss: 0.0112 Acc: 99.8180% Time: 702.4690s
Epoch 8 running
Current time: 2024-06-11 02:22:59.259964 [Train #8] Loss: 0.0113 Acc: 99.8304% Time: 785.7359s
Best model found at epoch 8 with loss: 0.0062021086767376265
[Test #8] Loss: 0.0062 Acc: 99.9007% Time: 791.4002s
Epoch 9 running
Current time: 2024-06-11 02:24:26.569186 [Train #9] Loss: 0.0177 Acc: 99.7249% Time: 873.0451s
[Test #9] Loss: 0.0097 Acc: 99.8345% Time: 878.7095s
