/home/jialiangfan/miniconda3/envs/medical/lib/python3.8/site-packages/torchvision/models/_utils.py:208: UserWarning: The parameter 'pretrained' is deprecated since 0.13 and may be removed in the future, please use 'weights' instead.
  warnings.warn(
/home/jialiangfan/miniconda3/envs/medical/lib/python3.8/site-packages/torchvision/models/_utils.py:223: UserWarning: Arguments other than a weight enum or `None` for 'weights' are deprecated since 0.13 and may be removed in the future. The current behavior is equivalent to passing `weights=ViT_L_16_Weights.IMAGENET1K_V1`. You can also use `weights=ViT_L_16_Weights.DEFAULT` to get the most up-to-date weights.
  warnings.warn(msg)
data_argument True
num_epochs 10
batch_size 32
model_type: ViT_Large
pretrained True
optimizer_type: AdamW
optimizer_type 2
device 1
this is the pretrained: True
this is label2 counter:  Counter({0: 6093, 3: 4407, 1: 1656, 2: 495})
max label2 count:  6093
total num before first balance:  12651
Deep:  6093
Lobar:  1656
Subtentorial:  495
total num after first balance:  21408
counter after first balance:  Counter({0: 6093, 2: 5940, 1: 4968, 3: 4407})
total num before second balance:  21408
no tumor:  4407
tumor:  17001
max label1 count:  17001
total num after balance:  30222
no tumor:  13221
tumor:  17001
train_dataset 24177
val_dataset 3022
Epoch 0 running
Current time: 2024-05-24 01:04:11.986450 [Train #0] Loss: 0.2323 Acc: 95.7087% Time: 386.4791s
[Test #0] Loss: 0.1141 Acc: 98.0311% Time: 407.9913s
Epoch 1 running
Current time: 2024-05-24 01:10:02.091691 [Train #1] Loss: 0.0648 Acc: 98.9432% Time: 736.5838s
[Test #1] Loss: 0.0578 Acc: 99.0238% Time: 752.6497s
Epoch 2 running
Current time: 2024-05-24 01:15:46.816443 [Train #2] Loss: 0.0412 Acc: 99.2989% Time: 1081.3086s
[Test #2] Loss: 0.0250 Acc: 99.6195% Time: 1097.3467s
Epoch 3 running
Current time: 2024-05-24 01:21:31.497293 [Train #3] Loss: 0.0342 Acc: 99.3982% Time: 1425.9894s
[Test #3] Loss: 0.0235 Acc: 99.5202% Time: 1442.0570s
Epoch 4 running
Current time: 2024-05-24 01:27:16.037695 [Train #4] Loss: 0.0248 Acc: 99.6174% Time: 1770.5298s
[Test #4] Loss: 0.0311 Acc: 99.4871% Time: 1786.5472s
Epoch 5 running
Current time: 2024-05-24 01:33:00.358549 [Train #5] Loss: 0.0248 Acc: 99.5905% Time: 2114.8507s
[Test #5] Loss: 0.0424 Acc: 99.2389% Time: 2130.9017s
Epoch 6 running
Current time: 2024-05-24 01:38:44.782725 [Train #6] Loss: 0.0197 Acc: 99.6939% Time: 2459.2749s
[Test #6] Loss: 0.0323 Acc: 99.5367% Time: 2475.2510s
Epoch 7 running
Current time: 2024-05-24 01:44:28.995357 [Train #7] Loss: 0.0222 Acc: 99.6484% Time: 2803.4875s
[Test #7] Loss: 0.1338 Acc: 98.1469% Time: 2819.4919s
Epoch 8 running
Current time: 2024-05-24 01:50:13.198135 [Train #8] Loss: 0.0215 Acc: 99.6360% Time: 3147.6903s
[Test #8] Loss: 0.0128 Acc: 99.7849% Time: 3163.7168s
Epoch 9 running
Current time: 2024-05-24 01:55:57.672839 [Train #9] Loss: 0.0193 Acc: 99.7022% Time: 3492.1650s
[Test #9] Loss: 0.0293 Acc: 99.5036% Time: 3508.1621s
