/home/jialiangfan/miniconda3/envs/medical/lib/python3.8/site-packages/torchvision/models/_utils.py:208: UserWarning: The parameter 'pretrained' is deprecated since 0.13 and may be removed in the future, please use 'weights' instead.
  warnings.warn(
/home/jialiangfan/miniconda3/envs/medical/lib/python3.8/site-packages/torchvision/models/_utils.py:223: UserWarning: Arguments other than a weight enum or `None` for 'weights' are deprecated since 0.13 and may be removed in the future. The current behavior is equivalent to passing `weights=ViT_B_32_Weights.IMAGENET1K_V1`. You can also use `weights=ViT_B_32_Weights.DEFAULT` to get the most up-to-date weights.
  warnings.warn(msg)
data_argument True
num_epochs 10
batch_size 32
model_type: vit_base_patch32
pretrained True
optimizer_type: AdamW
optimizer_type 2
device 1
this is the pretrained: True
this is label2 counter:  Counter({0: 6093, 3: 4407, 1: 1656, 2: 495})
max label2 count:  6093
total num before first balance:  12651
Deep:  6093
Lobar:  1656
Subtentorial:  495
total num after first balance:  21408
counter after first balance:  Counter({0: 6093, 2: 5940, 1: 4968, 3: 4407})
total num before second balance:  21408
no tumor:  4407
tumor:  17001
max label1 count:  17001
total num after balance:  30222
no tumor:  13221
tumor:  17001
train_dataset 24177
val_dataset 3022
Epoch 0 running
Current time: 2024-05-24 17:18:32.097931 [Train #0] Loss: 0.3047 Acc: 94.4348% Time: 76.0136s
[Test #0] Loss: 0.1303 Acc: 97.5347% Time: 82.4725s
Epoch 1 running
Current time: 2024-05-24 17:19:55.576227 [Train #1] Loss: 0.0979 Acc: 98.3579% Time: 159.4919s
[Test #1] Loss: 0.0952 Acc: 98.4778% Time: 165.9734s
Epoch 2 running
Current time: 2024-05-24 17:21:17.165052 [Train #2] Loss: 0.0644 Acc: 98.9287% Time: 241.0807s
[Test #2] Loss: 0.1059 Acc: 98.0642% Time: 247.6413s
Epoch 3 running
Current time: 2024-05-24 17:22:38.914752 [Train #3] Loss: 0.0491 Acc: 99.1562% Time: 322.8304s
[Test #3] Loss: 0.0602 Acc: 99.0238% Time: 329.2541s
Epoch 4 running
Current time: 2024-05-24 17:24:00.709870 [Train #4] Loss: 0.0450 Acc: 99.2100% Time: 404.6256s
[Test #4] Loss: 0.0441 Acc: 99.2720% Time: 411.2353s
Epoch 5 running
Current time: 2024-05-24 17:25:23.019892 [Train #5] Loss: 0.0415 Acc: 99.3196% Time: 486.9355s
[Test #5] Loss: 0.0289 Acc: 99.6029% Time: 493.4340s
Epoch 6 running
Current time: 2024-05-24 17:26:43.924971 [Train #6] Loss: 0.0317 Acc: 99.5119% Time: 567.8406s
[Test #6] Loss: 0.0424 Acc: 99.3547% Time: 574.3522s
Epoch 7 running
Current time: 2024-05-24 17:28:06.043243 [Train #7] Loss: 0.0308 Acc: 99.5099% Time: 649.9589s
[Test #7] Loss: 0.0788 Acc: 98.4944% Time: 656.4772s
Epoch 8 running
Current time: 2024-05-24 17:29:28.129354 [Train #8] Loss: 0.0293 Acc: 99.5657% Time: 732.0451s
[Test #8] Loss: 0.0356 Acc: 99.4706% Time: 738.4953s
Epoch 9 running
Current time: 2024-05-24 17:30:49.381495 [Train #9] Loss: 0.0346 Acc: 99.4747% Time: 813.2972s
[Test #9] Loss: 0.0374 Acc: 99.4375% Time: 819.9715s
