/home/jialiangfan/miniconda3/lib/python3.11/site-packages/torchvision/models/_utils.py:208: UserWarning: The parameter 'pretrained' is deprecated since 0.13 and may be removed in the future, please use 'weights' instead.
  warnings.warn(
/home/jialiangfan/miniconda3/lib/python3.11/site-packages/torchvision/models/_utils.py:223: UserWarning: Arguments other than a weight enum or `None` for 'weights' are deprecated since 0.13 and may be removed in the future. The current behavior is equivalent to passing `weights=ResNet18_Weights.IMAGENET1K_V1`. You can also use `weights=ResNet18_Weights.DEFAULT` to get the most up-to-date weights.
  warnings.warn(msg)
data_argument True
num_epochs 50
batch_size 32
model 1
this is label2 counter:  Counter({0: 6093, 3: 4407, 1: 1656, 2: 495})
max label2 count:  6093
total num before first balance:  12651
Deep:  6093
Lobar:  1656
Subtentorial:  495
total num after first balance:  21408
counter after first balance:  Counter({0: 6093, 2: 5940, 1: 4968, 3: 4407})
total num before second balance:  21408
no tumor:  4407
tumor:  17001
max label1 count:  17001
total num after balance:  30222
no tumor:  13221
tumor:  17001
train_dataset 25688
test_dataset 4534
Epoch 0 running
Current time: 2024-05-01 13:59:33.679320 [Train #0] Loss: 0.3751 Acc: 92.6347% Time: 89.2597s
[Test #0] Loss: 0.1109 Acc: 98.1914% Time: 102.6717s
Epoch 1 running
Current time: 2024-05-01 14:01:14.846593 [Train #1] Loss: 0.0965 Acc: 98.3864% Time: 190.4270s
[Test #1] Loss: 0.0613 Acc: 98.9854% Time: 203.7434s
Epoch 2 running
Current time: 2024-05-01 14:02:56.122757 [Train #2] Loss: 0.0471 Acc: 99.2000% Time: 291.7032s
[Test #2] Loss: 0.0413 Acc: 99.3935% Time: 304.9757s
Epoch 3 running
Current time: 2024-05-01 14:04:37.613147 [Train #3] Loss: 0.0353 Acc: 99.4472% Time: 393.1936s
[Test #3] Loss: 0.0347 Acc: 99.3273% Time: 406.6145s
Epoch 4 running
Current time: 2024-05-01 14:06:18.952545 [Train #4] Loss: 0.0210 Acc: 99.6866% Time: 494.5330s
[Test #4] Loss: 0.0254 Acc: 99.6361% Time: 507.8929s
Epoch 5 running
Current time: 2024-05-01 14:08:00.293318 [Train #5] Loss: 0.0178 Acc: 99.7333% Time: 595.8737s
[Test #5] Loss: 0.0204 Acc: 99.6692% Time: 609.2442s
Epoch 6 running
Current time: 2024-05-01 14:09:41.666593 [Train #6] Loss: 0.0173 Acc: 99.7664% Time: 697.2470s
[Test #6] Loss: 0.0290 Acc: 99.5258% Time: 710.5396s
Epoch 7 running
Current time: 2024-05-01 14:11:23.016895 [Train #7] Loss: 0.0106 Acc: 99.8599% Time: 798.5973s
[Test #7] Loss: 0.0194 Acc: 99.7022% Time: 812.0239s
Epoch 8 running
Current time: 2024-05-01 14:13:04.236611 [Train #8] Loss: 0.0114 Acc: 99.8443% Time: 899.8170s
[Test #8] Loss: 0.0180 Acc: 99.7464% Time: 913.1626s
Epoch 9 running
Current time: 2024-05-01 14:14:45.336957 [Train #9] Loss: 0.0088 Acc: 99.8754% Time: 1000.9174s
[Test #9] Loss: 0.0160 Acc: 99.7353% Time: 1014.1957s
Epoch 10 running
Current time: 2024-05-01 14:16:26.444150 [Train #10] Loss: 0.0082 Acc: 99.8793% Time: 1102.0246s
[Test #10] Loss: 0.0148 Acc: 99.7574% Time: 1115.2990s
Epoch 11 running
Current time: 2024-05-01 14:18:07.664584 [Train #11] Loss: 0.0063 Acc: 99.9163% Time: 1203.2450s
[Test #11] Loss: 0.0192 Acc: 99.7353% Time: 1216.5781s
Epoch 12 running
Current time: 2024-05-01 14:19:48.907790 [Train #12] Loss: 0.0061 Acc: 99.9085% Time: 1304.4882s
[Test #12] Loss: 0.0183 Acc: 99.7464% Time: 1317.8268s
Epoch 13 running
Current time: 2024-05-01 14:21:30.490998 [Train #13] Loss: 0.0058 Acc: 99.9202% Time: 1406.0714s
[Test #13] Loss: 0.0178 Acc: 99.7684% Time: 1419.4167s
Epoch 14 running
Current time: 2024-05-01 14:23:11.793776 [Train #14] Loss: 0.0059 Acc: 99.9046% Time: 1507.3742s
[Test #14] Loss: 0.0172 Acc: 99.7243% Time: 1520.7523s
Epoch 15 running
Current time: 2024-05-01 14:24:53.319905 [Train #15] Loss: 0.0052 Acc: 99.9144% Time: 1608.9003s
[Test #15] Loss: 0.0175 Acc: 99.7133% Time: 1622.1543s
Epoch 16 running
Current time: 2024-05-01 14:26:34.458720 [Train #16] Loss: 0.0058 Acc: 99.9066% Time: 1710.0391s
[Test #16] Loss: 0.0182 Acc: 99.7684% Time: 1723.3803s
Epoch 17 running
Current time: 2024-05-01 14:28:15.430587 [Train #17] Loss: 0.0054 Acc: 99.9221% Time: 1811.0110s
[Test #17] Loss: 0.0191 Acc: 99.7794% Time: 1824.2348s
Epoch 18 running
Current time: 2024-05-01 14:29:56.255328 [Train #18] Loss: 0.0064 Acc: 99.8968% Time: 1911.8357s
[Test #18] Loss: 0.0204 Acc: 99.7022% Time: 1925.1851s
Epoch 19 running
Current time: 2024-05-01 14:31:37.382839 [Train #19] Loss: 0.0061 Acc: 99.9027% Time: 2012.9633s
[Test #19] Loss: 0.0157 Acc: 99.7794% Time: 2026.3683s
Epoch 20 running
Current time: 2024-05-01 14:33:18.500621 [Train #20] Loss: 0.0067 Acc: 99.8910% Time: 2114.0810s
[Test #20] Loss: 0.0439 Acc: 99.4817% Time: 2127.4371s
Epoch 21 running
Current time: 2024-05-01 14:34:59.691113 [Train #21] Loss: 0.0060 Acc: 99.9027% Time: 2215.2715s
[Test #21] Loss: 0.0176 Acc: 99.7905% Time: 2228.6153s
Epoch 22 running
Current time: 2024-05-01 14:36:40.807397 [Train #22] Loss: 0.0047 Acc: 99.9241% Time: 2316.3878s
[Test #22] Loss: 0.0212 Acc: 99.7684% Time: 2329.7037s
Epoch 23 running
Current time: 2024-05-01 14:38:21.906067 [Train #23] Loss: 0.0047 Acc: 99.9221% Time: 2417.4865s
[Test #23] Loss: 0.0215 Acc: 99.7133% Time: 2430.8031s
Epoch 24 running
Current time: 2024-05-01 14:40:03.115804 [Train #24] Loss: 0.0042 Acc: 99.9377% Time: 2518.6962s
[Test #24] Loss: 0.0193 Acc: 99.7794% Time: 2532.0738s
Epoch 25 running
Current time: 2024-05-01 14:41:44.918670 [Train #25] Loss: 0.0044 Acc: 99.9299% Time: 2620.4991s
[Test #25] Loss: 0.0279 Acc: 99.6912% Time: 2633.8403s
Epoch 26 running
Current time: 2024-05-01 14:43:25.995697 [Train #26] Loss: 0.0040 Acc: 99.9358% Time: 2721.5761s
[Test #26] Loss: 0.0244 Acc: 99.6912% Time: 2734.9298s
Epoch 27 running
Current time: 2024-05-01 14:45:07.432646 [Train #27] Loss: 0.0038 Acc: 99.9338% Time: 2823.0131s
[Test #27] Loss: 0.0199 Acc: 99.7684% Time: 2836.3389s
Epoch 28 running
Current time: 2024-05-01 14:46:49.117228 [Train #28] Loss: 0.0039 Acc: 99.9358% Time: 2924.6976s
[Test #28] Loss: 0.0227 Acc: 99.7464% Time: 2938.1366s
Epoch 29 running
Current time: 2024-05-01 14:48:30.585394 [Train #29] Loss: 0.0036 Acc: 99.9358% Time: 3026.1658s
[Test #29] Loss: 0.0229 Acc: 99.7243% Time: 3039.6805s
Epoch 30 running
Current time: 2024-05-01 14:50:12.375717 [Train #30] Loss: 0.0042 Acc: 99.9299% Time: 3127.9561s
[Test #30] Loss: 0.0219 Acc: 99.7574% Time: 3141.3353s
Epoch 31 running
Current time: 2024-05-01 14:51:53.372747 [Train #31] Loss: 0.0040 Acc: 99.9358% Time: 3228.9532s
[Test #31] Loss: 0.0235 Acc: 99.7684% Time: 3242.3112s
Epoch 32 running
Current time: 2024-05-01 14:53:35.643553 [Train #32] Loss: 0.0048 Acc: 99.9144% Time: 3331.2240s
[Test #32] Loss: 0.0162 Acc: 99.8015% Time: 3344.7642s
Epoch 33 running
Current time: 2024-05-01 14:55:18.109929 [Train #33] Loss: 0.0039 Acc: 99.9358% Time: 3433.6903s
[Test #33] Loss: 0.0195 Acc: 99.7574% Time: 3447.1559s
Epoch 34 running
Current time: 2024-05-01 14:57:00.278901 [Train #34] Loss: 0.0038 Acc: 99.9299% Time: 3535.8593s
[Test #34] Loss: 0.0169 Acc: 99.8125% Time: 3549.2080s
Epoch 35 running
Current time: 2024-05-01 14:58:41.704481 [Train #35] Loss: 0.0032 Acc: 99.9377% Time: 3637.2849s
[Test #35] Loss: 0.0214 Acc: 99.7574% Time: 3650.7173s
Epoch 36 running
Current time: 2024-05-01 15:00:23.214225 [Train #36] Loss: 0.0034 Acc: 99.9436% Time: 3738.7946s
[Test #36] Loss: 0.0202 Acc: 99.7905% Time: 3752.3603s
Epoch 37 running
Current time: 2024-05-01 15:02:04.432843 [Train #37] Loss: 0.0086 Acc: 99.8560% Time: 3840.0133s
[Test #37] Loss: 0.0308 Acc: 99.6251% Time: 3853.2429s
Epoch 38 running
Current time: 2024-05-01 15:03:45.813223 [Train #38] Loss: 0.0057 Acc: 99.9046% Time: 3941.3936s
[Test #38] Loss: 0.0218 Acc: 99.7464% Time: 3954.7189s
Epoch 39 running
Current time: 2024-05-01 15:05:26.846089 [Train #39] Loss: 0.0036 Acc: 99.9358% Time: 4042.4265s
[Test #39] Loss: 0.0241 Acc: 99.7464% Time: 4055.8615s
Epoch 40 running
Current time: 2024-05-01 15:07:08.911168 [Train #40] Loss: 0.0035 Acc: 99.9397% Time: 4144.4916s
[Test #40] Loss: 0.0278 Acc: 99.6802% Time: 4157.9780s
Epoch 41 running
Current time: 2024-05-01 15:08:50.182468 [Train #41] Loss: 0.0032 Acc: 99.9455% Time: 4245.7629s
[Test #41] Loss: 0.0265 Acc: 99.6912% Time: 4259.0523s
Epoch 42 running
Current time: 2024-05-01 15:10:32.108403 [Train #42] Loss: 0.0036 Acc: 99.9338% Time: 4347.6888s
[Test #42] Loss: 0.0276 Acc: 99.7022% Time: 4361.0132s
Epoch 43 running
Current time: 2024-05-01 15:12:13.309236 [Train #43] Loss: 0.0033 Acc: 99.9358% Time: 4448.8896s
[Test #43] Loss: 0.0257 Acc: 99.7353% Time: 4462.8134s
Epoch 44 running
Current time: 2024-05-01 15:13:56.724476 [Train #44] Loss: 0.0030 Acc: 99.9397% Time: 4552.3049s
[Test #44] Loss: 0.0230 Acc: 99.8015% Time: 4565.6461s
Epoch 45 running
Current time: 2024-05-01 15:15:37.948141 [Train #45] Loss: 0.0028 Acc: 99.9377% Time: 4653.5286s
[Test #45] Loss: 0.0239 Acc: 99.7353% Time: 4666.9061s
Epoch 46 running
Current time: 2024-05-01 15:17:19.118689 [Train #46] Loss: 0.0039 Acc: 99.9338% Time: 4754.6991s
[Test #46] Loss: 0.0223 Acc: 99.7464% Time: 4768.0645s
Epoch 47 running
Current time: 2024-05-01 15:19:00.403098 [Train #47] Loss: 0.0026 Acc: 99.9455% Time: 4855.9835s
[Test #47] Loss: 0.0323 Acc: 99.7464% Time: 4869.2444s
Epoch 48 running
Current time: 2024-05-01 15:20:41.647163 [Train #48] Loss: 0.0026 Acc: 99.9533% Time: 4957.2276s
[Test #48] Loss: 0.0315 Acc: 99.7574% Time: 4970.5673s
Epoch 49 running
Current time: 2024-05-01 15:22:22.554447 [Train #49] Loss: 0.0026 Acc: 99.9533% Time: 5058.1349s
[Test #49] Loss: 0.0252 Acc: 99.7574% Time: 5071.3735s
