python: can't open file '/home/jialiangfan/head_blood/five-Vit_unfreeze_pretrained.py': [Errno 2] No such file or directory
data_argument True
num_epochs 50
batch_size 8
model 0
this is label2 counter:  Counter({0: 6093, 3: 4407, 1: 1656, 2: 495})
max label2 count:  6093
total num before first balance:  12651
Deep:  6093
Lobar:  1656
Subtentorial:  495
total num after first balance:  21408
counter after first balance:  Counter({0: 6093, 2: 5940, 1: 4968, 3: 4407})
total num before second balance:  21408
no tumor:  4407
tumor:  17001
max label1 count:  17001
total num after balance:  30222
no tumor:  13221
tumor:  17001
train_dataset 25688
test_dataset 4534
Epoch 0 running
Current time: 2024-05-01 05:26:11.610799 [Train #0] Loss: 1.2089 Acc: 74.2915% Time: 303.4227s
[Test #0] Loss: 0.9738 Acc: 79.9625% Time: 326.7968s
Epoch 1 running
Current time: 2024-05-01 05:31:39.754476 [Train #1] Loss: 0.9247 Acc: 80.8179% Time: 631.5664s
[Test #1] Loss: 0.7495 Acc: 84.6824% Time: 655.1399s
Epoch 2 running
Current time: 2024-05-01 05:37:08.103605 [Train #2] Loss: 0.6994 Acc: 85.6178% Time: 959.9155s
[Test #2] Loss: 0.8975 Acc: 81.9475% Time: 983.1119s
Epoch 3 running
Current time: 2024-05-01 05:42:34.655285 [Train #3] Loss: 0.5981 Acc: 87.7161% Time: 1286.4672s
[Test #3] Loss: 0.6488 Acc: 87.0754% Time: 1309.6585s
Epoch 4 running
Current time: 2024-05-01 05:48:01.391815 [Train #4] Loss: 0.5386 Acc: 89.1584% Time: 1613.2037s
[Test #4] Loss: 0.6814 Acc: 86.7115% Time: 1637.2946s
Epoch 5 running
Current time: 2024-05-01 05:53:29.069680 [Train #5] Loss: 0.4854 Acc: 90.3768% Time: 1940.8816s
[Test #5] Loss: 0.7684 Acc: 85.1786% Time: 1964.2568s
Epoch 6 running
Current time: 2024-05-01 05:58:55.290782 [Train #6] Loss: 0.4485 Acc: 91.0678% Time: 2267.1027s
[Test #6] Loss: 0.4692 Acc: 91.0785% Time: 2290.4618s
Epoch 7 running
Current time: 2024-05-01 06:04:21.809544 [Train #7] Loss: 0.4172 Acc: 91.8600% Time: 2593.6214s
[Test #7] Loss: 0.3445 Acc: 93.4274% Time: 2617.0142s
Epoch 8 running
Current time: 2024-05-01 06:09:47.967497 [Train #8] Loss: 0.3836 Acc: 92.4692% Time: 2919.7794s
[Test #8] Loss: 0.4786 Acc: 91.1006% Time: 2942.9908s
Epoch 9 running
Current time: 2024-05-01 06:15:15.905785 [Train #9] Loss: 0.3564 Acc: 93.0259% Time: 3247.7177s
[Test #9] Loss: 0.3698 Acc: 93.0745% Time: 3270.8617s
Epoch 10 running
Current time: 2024-05-01 06:20:42.452366 [Train #10] Loss: 0.3433 Acc: 93.3860% Time: 3574.2642s
[Test #10] Loss: 0.3759 Acc: 92.8871% Time: 3597.5303s
Epoch 11 running
Current time: 2024-05-01 06:26:09.481653 [Train #11] Loss: 0.3161 Acc: 94.0731% Time: 3901.2935s
[Test #11] Loss: 0.2999 Acc: 94.3317% Time: 3924.6575s
Epoch 12 running
Current time: 2024-05-01 06:31:35.203375 [Train #12] Loss: 0.2973 Acc: 94.4215% Time: 4227.0153s
[Test #12] Loss: 0.3590 Acc: 92.8319% Time: 4250.5029s
Epoch 13 running
Current time: 2024-05-01 06:37:01.904928 [Train #13] Loss: 0.2792 Acc: 94.6181% Time: 4553.7168s
[Test #13] Loss: 0.2837 Acc: 94.7287% Time: 4576.9796s
Epoch 14 running
Current time: 2024-05-01 06:42:27.533835 [Train #14] Loss: 0.2673 Acc: 95.0074% Time: 4879.3457s
[Test #14] Loss: 0.2907 Acc: 94.9824% Time: 4902.7126s
Epoch 15 running
Current time: 2024-05-01 06:47:54.641036 [Train #15] Loss: 0.2446 Acc: 95.4668% Time: 5206.4529s
[Test #15] Loss: 0.2431 Acc: 95.5448% Time: 5230.1314s
Epoch 16 running
Current time: 2024-05-01 06:53:20.866511 [Train #16] Loss: 0.2280 Acc: 95.7607% Time: 5532.6784s
[Test #16] Loss: 0.2453 Acc: 95.1147% Time: 5556.2245s
Epoch 17 running
Current time: 2024-05-01 06:58:47.729465 [Train #17] Loss: 0.2253 Acc: 95.7276% Time: 5859.5413s
[Test #17] Loss: 0.1988 Acc: 96.3057% Time: 5882.8908s
Epoch 18 running
Current time: 2024-05-01 07:04:14.649198 [Train #18] Loss: 0.2106 Acc: 96.1792% Time: 6186.4611s
[Test #18] Loss: 0.2147 Acc: 96.0520% Time: 6209.7697s
Epoch 19 running
Current time: 2024-05-01 07:09:40.894810 [Train #19] Loss: 0.2027 Acc: 96.2317% Time: 6512.7067s
[Test #19] Loss: 0.2200 Acc: 95.9859% Time: 6535.9035s
Epoch 20 running
Current time: 2024-05-01 07:15:07.002403 [Train #20] Loss: 0.1889 Acc: 96.5003% Time: 6838.8143s
[Test #20] Loss: 0.4099 Acc: 93.0194% Time: 6862.3171s
Epoch 21 running
Current time: 2024-05-01 07:20:33.555731 [Train #21] Loss: 0.1849 Acc: 96.6054% Time: 7165.3676s
[Test #21] Loss: 0.2099 Acc: 96.3277% Time: 7188.7826s
Epoch 22 running
Current time: 2024-05-01 07:25:59.661256 [Train #22] Loss: 0.1684 Acc: 96.9636% Time: 7491.4731s
[Test #22] Loss: 0.4721 Acc: 92.2695% Time: 7514.8612s
Epoch 23 running
Current time: 2024-05-01 07:31:24.318128 [Train #23] Loss: 0.1647 Acc: 97.0083% Time: 7816.1300s
[Test #23] Loss: 0.2254 Acc: 96.1954% Time: 7839.3862s
Epoch 24 running
Current time: 2024-05-01 07:36:48.774987 [Train #24] Loss: 0.1625 Acc: 97.0317% Time: 8140.5869s
[Test #24] Loss: 0.2410 Acc: 95.9197% Time: 8163.7968s
Epoch 25 running
Current time: 2024-05-01 07:42:13.849479 [Train #25] Loss: 0.1566 Acc: 97.1057% Time: 8465.6614s
[Test #25] Loss: 0.1621 Acc: 97.3202% Time: 8488.9305s
Epoch 26 running
Current time: 2024-05-01 07:47:38.252758 [Train #26] Loss: 0.1505 Acc: 97.2516% Time: 8790.0646s
[Test #26] Loss: 0.2078 Acc: 96.2836% Time: 8813.3033s
Epoch 27 running
Current time: 2024-05-01 07:53:02.548877 [Train #27] Loss: 0.1369 Acc: 97.5825% Time: 9114.3608s
[Test #27] Loss: 0.1372 Acc: 97.7062% Time: 9137.5614s
Epoch 28 running
Current time: 2024-05-01 07:58:26.758582 [Train #28] Loss: 0.1319 Acc: 97.6448% Time: 9438.5705s
[Test #28] Loss: 0.1738 Acc: 97.1769% Time: 9461.9196s
Epoch 29 running
Current time: 2024-05-01 08:03:51.689240 [Train #29] Loss: 0.1388 Acc: 97.4288% Time: 9763.5011s
[Test #29] Loss: 0.1628 Acc: 97.0997% Time: 9786.7995s
Epoch 30 running
Current time: 2024-05-01 08:09:17.193354 [Train #30] Loss: 0.1273 Acc: 97.7071% Time: 10089.0052s
[Test #30] Loss: 0.1290 Acc: 97.6401% Time: 10112.3841s
Epoch 31 running
Current time: 2024-05-01 08:14:42.080092 [Train #31] Loss: 0.1250 Acc: 97.7421% Time: 10413.8920s
[Test #31] Loss: 0.1445 Acc: 97.3313% Time: 10437.1061s
Epoch 32 running
Current time: 2024-05-01 08:20:06.673687 [Train #32] Loss: 0.1169 Acc: 97.9193% Time: 10738.4856s
[Test #32] Loss: 0.1112 Acc: 98.1363% Time: 10761.7794s
Epoch 33 running
Current time: 2024-05-01 08:25:31.705863 [Train #33] Loss: 0.1109 Acc: 98.0322% Time: 11063.5177s
[Test #33] Loss: 0.1216 Acc: 98.1142% Time: 11086.7498s
Epoch 34 running
Current time: 2024-05-01 08:30:56.685223 [Train #34] Loss: 0.1098 Acc: 97.9932% Time: 11388.4971s
[Test #34] Loss: 0.1329 Acc: 97.8716% Time: 11411.7937s
Epoch 35 running
Current time: 2024-05-01 08:36:21.749913 [Train #35] Loss: 0.1115 Acc: 97.9893% Time: 11713.5618s
[Test #35] Loss: 0.1602 Acc: 97.1989% Time: 11736.7625s
Epoch 36 running
Current time: 2024-05-01 08:41:46.509484 [Train #36] Loss: 0.1055 Acc: 98.1489% Time: 12038.3214s
[Test #36] Loss: 0.1179 Acc: 97.9378% Time: 12061.6384s
Epoch 37 running
Current time: 2024-05-01 08:47:11.513338 [Train #37] Loss: 0.0952 Acc: 98.3261% Time: 12363.3252s
[Test #37] Loss: 0.1115 Acc: 98.1363% Time: 12386.7410s
Epoch 38 running
Current time: 2024-05-01 08:52:36.803610 [Train #38] Loss: 0.1021 Acc: 98.2073% Time: 12688.6155s
[Test #38] Loss: 0.1394 Acc: 97.9047% Time: 12711.8016s
Epoch 39 running
Current time: 2024-05-01 08:58:01.873951 [Train #39] Loss: 0.0936 Acc: 98.2151% Time: 13013.6858s
[Test #39] Loss: 0.1176 Acc: 97.7393% Time: 13036.9143s
Epoch 40 running
Current time: 2024-05-01 09:03:27.627134 [Train #40] Loss: 0.0968 Acc: 98.2210% Time: 13339.4390s
[Test #40] Loss: 0.1283 Acc: 97.8606% Time: 13362.6494s
Epoch 41 running
Current time: 2024-05-01 09:08:52.663802 [Train #41] Loss: 0.0903 Acc: 98.3806% Time: 13664.4757s
[Test #41] Loss: 0.1177 Acc: 97.9378% Time: 13687.7912s
Epoch 42 running
Current time: 2024-05-01 09:14:17.423912 [Train #42] Loss: 0.0832 Acc: 98.5168% Time: 13989.2358s
[Test #42] Loss: 0.0881 Acc: 98.4230% Time: 14012.5286s
Epoch 43 running
Current time: 2024-05-01 09:19:42.193878 [Train #43] Loss: 0.0893 Acc: 98.4351% Time: 14314.0058s
[Test #43] Loss: 0.0937 Acc: 98.3238% Time: 14337.3913s
Epoch 44 running
Current time: 2024-05-01 09:25:07.281361 [Train #44] Loss: 0.0848 Acc: 98.5071% Time: 14639.0932s
[Test #44] Loss: 0.1019 Acc: 98.0591% Time: 14662.3548s
Epoch 45 running
Current time: 2024-05-01 09:30:32.362182 [Train #45] Loss: 0.0781 Acc: 98.5947% Time: 14964.1741s
[Test #45] Loss: 0.1050 Acc: 98.2907% Time: 14987.3551s
Epoch 46 running
Current time: 2024-05-01 09:35:56.958966 [Train #46] Loss: 0.0791 Acc: 98.5674% Time: 15288.7708s
[Test #46] Loss: 0.1103 Acc: 98.1142% Time: 15312.0313s
Epoch 47 running
Current time: 2024-05-01 09:41:21.888656 [Train #47] Loss: 0.0834 Acc: 98.5577% Time: 15613.7005s
[Test #47] Loss: 0.0852 Acc: 98.5995% Time: 15636.9856s
Epoch 48 running
Current time: 2024-05-01 09:46:46.885632 [Train #48] Loss: 0.0747 Acc: 98.7173% Time: 15938.6975s
[Test #48] Loss: 0.1113 Acc: 97.9488% Time: 15962.0988s
Epoch 49 running
Current time: 2024-05-01 09:52:12.306048 [Train #49] Loss: 0.0778 Acc: 98.6336% Time: 16264.1179s
[Test #49] Loss: 0.2358 Acc: 95.8866% Time: 16287.2840s
