data_argument True
num_epochs 50
batch_size 32
model 0
pretrained False
optimizer_type 0
device 0
this is label2 counter:  Counter({0: 6093, 3: 4407, 1: 1656, 2: 495})
max label2 count:  6093
total num before first balance:  12651
Deep:  6093
Lobar:  1656
Subtentorial:  495
total num after first balance:  21408
counter after first balance:  Counter({0: 6093, 2: 5940, 1: 4968, 3: 4407})
total num before second balance:  21408
no tumor:  4407
tumor:  17001
max label1 count:  17001
total num after balance:  30222
no tumor:  13221
tumor:  17001
train_dataset 24177
val_dataset 3022
Epoch 0 running
Current time: 2024-05-09 00:53:56.346084 [Train #0] Loss: 1.1883 Acc: 72.9247% Time: 267.3320s
[Test #0] Loss: 0.9717 Acc: 79.3183% Time: 282.9902s
Epoch 1 running
Current time: 2024-05-09 00:58:38.660102 [Train #1] Loss: 0.9361 Acc: 79.5674% Time: 549.6460s
[Test #1] Loss: 0.8384 Acc: 82.5447% Time: 565.2998s
Epoch 2 running
Current time: 2024-05-09 01:03:20.392149 [Train #2] Loss: 0.8057 Acc: 82.7729% Time: 831.3781s
[Test #2] Loss: 0.7497 Acc: 84.7617% Time: 847.3496s
Epoch 3 running
Current time: 2024-05-09 01:08:03.590295 [Train #3] Loss: 0.7101 Acc: 85.1098% Time: 1114.5762s
[Test #3] Loss: 0.6182 Acc: 88.0212% Time: 1130.9266s
Epoch 4 running
Current time: 2024-05-09 01:13:28.885392 [Train #4] Loss: 0.6086 Acc: 87.4426% Time: 1439.8713s
[Test #4] Loss: 0.7136 Acc: 85.4070% Time: 1460.5972s
Epoch 5 running
Current time: 2024-05-09 01:19:00.215213 [Train #5] Loss: 0.5624 Acc: 88.5470% Time: 1771.2010s
[Test #5] Loss: 0.5315 Acc: 89.3448% Time: 1793.0654s
Epoch 6 running
Current time: 2024-05-09 01:24:39.775009 [Train #6] Loss: 0.4937 Acc: 90.1497% Time: 2110.7609s
[Test #6] Loss: 0.5375 Acc: 90.3541% Time: 2133.1728s
Epoch 7 running
Current time: 2024-05-09 01:30:15.177133 [Train #7] Loss: 0.4728 Acc: 90.3359% Time: 2446.1629s
[Test #7] Loss: 0.4890 Acc: 91.2310% Time: 2466.9110s
Epoch 8 running
Current time: 2024-05-09 01:41:21.138798 [Train #8] Loss: 0.4393 Acc: 91.1052% Time: 3112.1246s
[Test #8] Loss: 0.4624 Acc: 91.1482% Time: 3335.8572s
Epoch 9 running
Current time: 2024-05-09 02:52:42.743083 [Train #9] Loss: 0.4070 Acc: 92.0296% Time: 7393.7289s
[Test #9] Loss: 0.4269 Acc: 91.7439% Time: 7948.5928s
Epoch 10 running
Current time: 2024-05-09 04:18:21.338138 [Train #10] Loss: 0.3818 Acc: 92.4474% Time: 12532.3240s
[Test #10] Loss: 0.5679 Acc: 89.5764% Time: 13086.4649s
Epoch 11 running
Current time: 2024-05-09 05:43:55.457258 [Train #11] Loss: 0.3614 Acc: 92.9603% Time: 17666.4430s
[Test #11] Loss: 0.3922 Acc: 92.7035% Time: 18197.9825s
Epoch 12 running
Current time: 2024-05-09 07:05:50.538129 [Train #12] Loss: 0.3352 Acc: 93.4855% Time: 22581.5239s
[Test #12] Loss: 0.3415 Acc: 93.4481% Time: 23109.8280s
Epoch 13 running
Current time: 2024-05-09 08:27:33.921450 [Train #13] Loss: 0.3242 Acc: 93.7441% Time: 27484.9072s
[Test #13] Loss: 0.3560 Acc: 93.4977% Time: 28028.4638s
Epoch 14 running
Current time: 2024-05-09 09:49:35.561229 [Train #14] Loss: 0.2986 Acc: 94.2404% Time: 32406.5470s
[Test #14] Loss: 0.3217 Acc: 93.7293% Time: 32935.8500s
Epoch 15 running
Current time: 2024-05-09 11:11:18.563300 [Train #15] Loss: 0.2819 Acc: 94.7243% Time: 37309.5491s
[Test #15] Loss: 0.2989 Acc: 94.2257% Time: 37838.3136s
Epoch 16 running
Current time: 2024-05-09 12:33:01.003088 [Train #16] Loss: 0.2713 Acc: 94.8650% Time: 42211.9889s
[Test #16] Loss: 0.2990 Acc: 94.3911% Time: 42739.0127s
Epoch 17 running
Current time: 2024-05-09 13:54:38.118896 [Train #17] Loss: 0.2501 Acc: 95.2062% Time: 47109.1047s
[Test #17] Loss: 0.3308 Acc: 94.0271% Time: 47635.0006s
Epoch 18 running
Current time: 2024-05-09 15:16:10.410009 [Train #18] Loss: 0.2399 Acc: 95.4357% Time: 52001.3958s
[Test #18] Loss: 0.3699 Acc: 93.1006% Time: 52529.9571s
Epoch 19 running
Current time: 2024-05-09 15:45:32.305259 [Train #19] Loss: 0.2320 Acc: 95.6570% Time: 53763.2911s
[Test #19] Loss: 0.2522 Acc: 95.5824% Time: 53780.5069s
Epoch 20 running
Current time: 2024-05-09 16:22:01.427402 [Train #20] Loss: 0.2246 Acc: 95.8969% Time: 55952.4132s
[Test #20] Loss: 0.2515 Acc: 95.3177% Time: 56230.4719s
Epoch 21 running
Current time: 2024-05-09 17:05:32.777443 [Train #21] Loss: 0.2018 Acc: 96.2899% Time: 58563.7632s
[Test #21] Loss: 0.2138 Acc: 95.9464% Time: 58829.5253s
Epoch 22 running
Current time: 2024-05-09 17:48:57.878878 [Train #22] Loss: 0.2041 Acc: 96.2402% Time: 61168.8647s
[Test #22] Loss: 0.2441 Acc: 95.5989% Time: 61438.1778s
Epoch 23 running
Current time: 2024-05-09 18:32:19.376469 [Train #23] Loss: 0.2000 Acc: 96.2733% Time: 63770.3623s
[Test #23] Loss: 0.2033 Acc: 95.8968% Time: 64050.5036s
Epoch 24 running
Current time: 2024-05-09 18:55:42.563828 [Train #24] Loss: 0.1845 Acc: 96.5794% Time: 65173.5497s
[Test #24] Loss: 0.2034 Acc: 96.4262% Time: 65188.9532s
Epoch 25 running
Current time: 2024-05-09 19:00:23.250271 [Train #25] Loss: 0.1670 Acc: 96.9765% Time: 65454.2362s
[Test #25] Loss: 0.2108 Acc: 96.3269% Time: 65469.5372s
Epoch 26 running
Current time: 2024-05-09 19:05:03.296916 [Train #26] Loss: 0.1771 Acc: 96.7200% Time: 65734.2827s
[Test #26] Loss: 0.1820 Acc: 96.5089% Time: 65749.9102s
Epoch 27 running
Current time: 2024-05-09 19:09:48.287252 [Train #27] Loss: 0.1636 Acc: 97.0220% Time: 66019.2731s
[Test #27] Loss: 0.1578 Acc: 97.1542% Time: 66035.4105s
Epoch 28 running
Current time: 2024-05-09 19:14:33.801793 [Train #28] Loss: 0.1522 Acc: 97.2288% Time: 66304.7877s
[Test #28] Loss: 0.2137 Acc: 96.3435% Time: 66321.2589s
Epoch 29 running
Current time: 2024-05-09 19:19:19.163825 [Train #29] Loss: 0.1518 Acc: 97.2867% Time: 66590.1496s
[Test #29] Loss: 0.2010 Acc: 96.2442% Time: 66606.0674s
Epoch 30 running
Current time: 2024-05-09 19:24:04.217945 [Train #30] Loss: 0.1440 Acc: 97.3218% Time: 66875.2038s
[Test #30] Loss: 0.1621 Acc: 97.2038% Time: 66891.0667s
Epoch 31 running
Current time: 2024-05-09 19:28:49.125470 [Train #31] Loss: 0.1420 Acc: 97.5121% Time: 67160.1113s
[Test #31] Loss: 0.1774 Acc: 97.2866% Time: 67176.1375s
Epoch 32 running
Current time: 2024-05-09 19:33:34.359422 [Train #32] Loss: 0.1327 Acc: 97.5555% Time: 67445.3453s
[Test #32] Loss: 0.1378 Acc: 97.8160% Time: 67461.7350s
Epoch 33 running
Current time: 2024-05-09 19:38:20.112254 [Train #33] Loss: 0.1342 Acc: 97.5535% Time: 67731.0981s
[Test #33] Loss: 0.1705 Acc: 97.0053% Time: 67746.9630s
Epoch 34 running
Current time: 2024-05-09 19:43:05.348740 [Train #34] Loss: 0.1259 Acc: 97.7127% Time: 68016.3346s
[Test #34] Loss: 0.1318 Acc: 97.8987% Time: 68032.6541s
Epoch 35 running
Current time: 2024-05-09 19:47:51.096707 [Train #35] Loss: 0.1225 Acc: 97.7024% Time: 68302.0825s
[Test #35] Loss: 0.1611 Acc: 97.1377% Time: 68318.2059s
Epoch 36 running
Current time: 2024-05-09 19:52:36.825545 [Train #36] Loss: 0.1209 Acc: 97.8347% Time: 68587.8114s
[Test #36] Loss: 0.2958 Acc: 94.6889% Time: 68603.9790s
Epoch 37 running
Current time: 2024-05-09 19:57:21.895245 [Train #37] Loss: 0.1166 Acc: 97.8906% Time: 68872.8811s
[Test #37] Loss: 0.1760 Acc: 96.8564% Time: 68889.0532s
Epoch 38 running
Current time: 2024-05-09 20:02:07.497802 [Train #38] Loss: 0.1155 Acc: 97.9319% Time: 69158.4837s
[Test #38] Loss: 0.1366 Acc: 97.7498% Time: 69174.4477s
Epoch 39 running
Current time: 2024-05-09 20:06:53.673834 [Train #39] Loss: 0.1061 Acc: 98.0457% Time: 69444.6597s
[Test #39] Loss: 0.1870 Acc: 96.8564% Time: 69475.9172s
Epoch 40 running
Current time: 2024-05-09 20:12:03.456876 [Train #40] Loss: 0.1055 Acc: 98.1118% Time: 69754.4427s
[Test #40] Loss: 0.1805 Acc: 96.8398% Time: 69770.7440s
Epoch 41 running
Current time: 2024-05-09 20:17:11.110147 [Train #41] Loss: 0.1038 Acc: 98.1842% Time: 70062.0960s
[Test #41] Loss: 0.1796 Acc: 96.9226% Time: 70078.7453s
Epoch 42 running
Current time: 2024-05-09 20:21:58.168428 [Train #42] Loss: 0.0940 Acc: 98.3124% Time: 70349.1543s
[Test #42] Loss: 0.1205 Acc: 97.9649% Time: 70379.5728s
Epoch 43 running
Current time: 2024-05-09 20:27:49.930373 [Train #43] Loss: 0.1019 Acc: 98.1573% Time: 70700.9163s
[Test #43] Loss: 0.1333 Acc: 97.6009% Time: 70716.8465s
Epoch 44 running
Current time: 2024-05-09 20:32:35.581217 [Train #44] Loss: 0.0880 Acc: 98.4117% Time: 70986.5670s
[Test #44] Loss: 0.1639 Acc: 97.3693% Time: 71002.5376s
Epoch 45 running
Current time: 2024-05-09 20:38:29.637284 [Train #45] Loss: 0.0907 Acc: 98.3683% Time: 71340.6231s
[Test #45] Loss: 0.1191 Acc: 97.9815% Time: 71356.6762s
Epoch 46 running
Current time: 2024-05-09 20:43:16.224638 [Train #46] Loss: 0.0938 Acc: 98.2566% Time: 71627.2105s
[Test #46] Loss: 0.1545 Acc: 97.2204% Time: 71643.8318s
Epoch 47 running
Current time: 2024-05-09 20:48:03.444877 [Train #47] Loss: 0.0872 Acc: 98.4489% Time: 71914.4307s
[Test #47] Loss: 0.1094 Acc: 97.8657% Time: 71930.8525s
Epoch 48 running
Current time: 2024-05-09 20:52:49.876096 [Train #48] Loss: 0.0855 Acc: 98.4634% Time: 72200.8622s
[Test #48] Loss: 0.1209 Acc: 97.9318% Time: 72216.8163s
Epoch 49 running
Current time: 2024-05-09 20:57:35.338601 [Train #49] Loss: 0.0777 Acc: 98.6082% Time: 72486.3245s
[Test #49] Loss: 0.2292 Acc: 96.5586% Time: 72502.6545s
