2024-05-05 21:59:36.994361: I tensorflow/core/platform/cpu_feature_guard.cc:210] This TensorFlow binary is optimized to use available CPU instructions in performance-critical operations.
To enable the following instructions: AVX2 FMA, in other operations, rebuild TensorFlow with the appropriate compiler flags.
2024-05-05 21:59:37.529960: W tensorflow/compiler/tf2tensorrt/utils/py_utils.cc:38] TF-TRT Warning: Could not find TensorRT
/home/jialiangfan/miniconda3/lib/python3.11/site-packages/torchvision/models/_utils.py:208: UserWarning: The parameter 'pretrained' is deprecated since 0.13 and may be removed in the future, please use 'weights' instead.
  warnings.warn(
/home/jialiangfan/miniconda3/lib/python3.11/site-packages/torchvision/models/_utils.py:223: UserWarning: Arguments other than a weight enum or `None` for 'weights' are deprecated since 0.13 and may be removed in the future. The current behavior is equivalent to passing `weights=ResNet18_Weights.IMAGENET1K_V1`. You can also use `weights=ResNet18_Weights.DEFAULT` to get the most up-to-date weights.
  warnings.warn(msg)
data_argument True
num_epochs 50
batch_size 32
model 1
pretrained True
this is label2 counter:  Counter({0: 6093, 3: 4407, 1: 1656, 2: 495})
max label2 count:  6093
total num before first balance:  12651
Deep:  6093
Lobar:  1656
Subtentorial:  495
total num after first balance:  21408
counter after first balance:  Counter({0: 6093, 2: 5940, 1: 4968, 3: 4407})
total num before second balance:  21408
no tumor:  4407
tumor:  17001
max label1 count:  17001
total num after balance:  30222
no tumor:  13221
tumor:  17001
train_dataset 25688
test_dataset 4534
Epoch 0 running
Current time: 2024-05-05 22:02:22.270645 [Train #0] Loss: 0.3605 Acc: 93.0006% Time: 163.7987s
[Test #0] Loss: 0.0507 Acc: 98.3348% Time: 192.4135s
Epoch 1 running
Traceback (most recent call last):
  File "/home/jialiangfan/DTViT/main.py", line 256, in <module>
    train(num_epochs=args.num_epochs, data_argumentation= args.data_argument,batch_size=args.batch_size,model_type=args.model,pretrained=args.pretrained)
  File "/home/jialiangfan/DTViT/main.py", line 145, in train
    running_loss += loss.item() * image.size(0)
                    ^^^^^^^^^^^
KeyboardInterrupt
2024-05-05 22:03:13.067059: I tensorflow/core/platform/cpu_feature_guard.cc:210] This TensorFlow binary is optimized to use available CPU instructions in performance-critical operations.
To enable the following instructions: AVX2 FMA, in other operations, rebuild TensorFlow with the appropriate compiler flags.
2024-05-05 22:03:13.622539: W tensorflow/compiler/tf2tensorrt/utils/py_utils.cc:38] TF-TRT Warning: Could not find TensorRT
/home/jialiangfan/miniconda3/lib/python3.11/site-packages/torchvision/models/_utils.py:208: UserWarning: The parameter 'pretrained' is deprecated since 0.13 and may be removed in the future, please use 'weights' instead.
  warnings.warn(
/home/jialiangfan/miniconda3/lib/python3.11/site-packages/torchvision/models/_utils.py:223: UserWarning: Arguments other than a weight enum or `None` for 'weights' are deprecated since 0.13 and may be removed in the future. The current behavior is equivalent to passing `weights=ResNet18_Weights.IMAGENET1K_V1`. You can also use `weights=ResNet18_Weights.DEFAULT` to get the most up-to-date weights.
  warnings.warn(msg)
data_argument True
num_epochs 50
batch_size 32
model 1
pretrained True
this is label2 counter:  Counter({0: 6093, 3: 4407, 1: 1656, 2: 495})
max label2 count:  6093
total num before first balance:  12651
Deep:  6093
Lobar:  1656
Subtentorial:  495
total num after first balance:  21408
counter after first balance:  Counter({0: 6093, 2: 5940, 1: 4968, 3: 4407})
total num before second balance:  21408
no tumor:  4407
tumor:  17001
max label1 count:  17001
total num after balance:  30222
no tumor:  13221
tumor:  17001
train_dataset 25688
test_dataset 4534
Epoch 0 running
Current time: 2024-05-05 22:05:57.341425 [Train #0] Loss: 0.2505 Acc: 89.9253% Time: 162.8288s
[Test #0] Loss: 0.0889 Acc: 97.0556% Time: 191.0789s
Epoch 1 running
Current time: 2024-05-05 22:09:08.254321 [Train #1] Loss: 0.0828 Acc: 97.1796% Time: 353.7417s
[Test #1] Loss: 0.0357 Acc: 98.9634% Time: 382.0103s
Epoch 2 running
Current time: 2024-05-05 22:12:18.138281 [Train #2] Loss: 0.0459 Acc: 98.4623% Time: 543.6256s
[Test #2] Loss: 0.0231 Acc: 99.3494% Time: 572.2623s
Epoch 3 running
Current time: 2024-05-05 22:15:27.679583 [Train #3] Loss: 0.0280 Acc: 99.1338% Time: 733.1669s
[Test #3] Loss: 0.0254 Acc: 99.2611% Time: 761.2744s
Epoch 4 running
Current time: 2024-05-05 22:18:38.848097 [Train #4] Loss: 0.0191 Acc: 99.4161% Time: 924.3354s
[Test #4] Loss: 0.0158 Acc: 99.4596% Time: 952.3191s
Epoch 5 running
Current time: 2024-05-05 22:21:48.596867 [Train #5] Loss: 0.0141 Acc: 99.5893% Time: 1114.0842s
[Test #5] Loss: 0.0123 Acc: 99.6802% Time: 1142.1911s
Epoch 6 running
Current time: 2024-05-05 22:24:58.396135 [Train #6] Loss: 0.0107 Acc: 99.7275% Time: 1303.8834s
[Test #6] Loss: 0.0098 Acc: 99.6912% Time: 1331.6957s
Epoch 7 running
Current time: 2024-05-05 22:28:07.542697 [Train #7] Loss: 0.0083 Acc: 99.7625% Time: 1493.0300s
[Test #7] Loss: 0.0101 Acc: 99.6251% Time: 1522.0654s
Epoch 8 running
Current time: 2024-05-05 22:31:17.412446 [Train #8] Loss: 0.0082 Acc: 99.7450% Time: 1682.8997s
[Test #8] Loss: 0.0087 Acc: 99.6802% Time: 1711.3133s
Epoch 9 running
Current time: 2024-05-05 22:34:26.846737 [Train #9] Loss: 0.0076 Acc: 99.7762% Time: 1872.3341s
[Test #9] Loss: 0.0057 Acc: 99.8125% Time: 1901.3869s
Epoch 10 running
Current time: 2024-05-05 22:37:39.594700 [Train #10] Loss: 0.0062 Acc: 99.8268% Time: 2065.0820s
[Test #10] Loss: 0.0095 Acc: 99.7464% Time: 2092.8951s
Epoch 11 running
Current time: 2024-05-05 22:40:48.752393 [Train #11] Loss: 0.0050 Acc: 99.8579% Time: 2254.2397s
[Test #11] Loss: 0.0055 Acc: 99.8346% Time: 2282.6558s
Epoch 12 running
Current time: 2024-05-05 22:44:01.052264 [Train #12] Loss: 0.0045 Acc: 99.8832% Time: 2446.5396s
[Test #12] Loss: 0.0080 Acc: 99.7684% Time: 2475.1551s
Epoch 13 running
Current time: 2024-05-05 22:47:12.754904 [Train #13] Loss: 0.0041 Acc: 99.8949% Time: 2638.2422s
[Test #13] Loss: 0.0048 Acc: 99.8897% Time: 2666.0555s
Epoch 14 running
Current time: 2024-05-05 22:50:23.366544 [Train #14] Loss: 0.0043 Acc: 99.8832% Time: 2828.8538s
[Test #14] Loss: 0.0072 Acc: 99.7905% Time: 2857.3680s
Epoch 15 running
Current time: 2024-05-05 22:53:36.450359 [Train #15] Loss: 0.0047 Acc: 99.8774% Time: 3021.9377s
[Test #15] Loss: 0.0061 Acc: 99.8566% Time: 3050.0204s
Epoch 16 running
Current time: 2024-05-05 22:56:49.612110 [Train #16] Loss: 0.0042 Acc: 99.8793% Time: 3215.0994s
[Test #16] Loss: 0.0083 Acc: 99.7684% Time: 3243.7168s
Epoch 17 running
Current time: 2024-05-05 22:59:59.176147 [Train #17] Loss: 0.0040 Acc: 99.8891% Time: 3404.6635s
[Test #17] Loss: 0.0068 Acc: 99.7905% Time: 3433.0955s
Epoch 18 running
Current time: 2024-05-05 23:03:11.625740 [Train #18] Loss: 0.0034 Acc: 99.9007% Time: 3597.1130s
[Test #18] Loss: 0.0054 Acc: 99.8346% Time: 3625.0345s
Epoch 19 running
Current time: 2024-05-05 23:06:24.988476 [Train #19] Loss: 0.0033 Acc: 99.8988% Time: 3790.4758s
[Test #19] Loss: 0.0067 Acc: 99.7794% Time: 3818.3643s
Epoch 20 running
Current time: 2024-05-05 23:09:39.661300 [Train #20] Loss: 0.0033 Acc: 99.9085% Time: 3985.1486s
[Test #20] Loss: 0.0038 Acc: 99.8897% Time: 4013.2809s
Epoch 21 running
Current time: 2024-05-05 23:12:55.179766 [Train #21] Loss: 0.0028 Acc: 99.9183% Time: 4180.6671s
[Test #21] Loss: 0.0052 Acc: 99.8566% Time: 4209.5743s
Epoch 22 running
Current time: 2024-05-05 23:16:11.362090 [Train #22] Loss: 0.0031 Acc: 99.9105% Time: 4376.8514s
[Test #22] Loss: 0.0070 Acc: 99.8015% Time: 4404.4948s
Epoch 23 running
Current time: 2024-05-05 23:19:29.088431 [Train #23] Loss: 0.0029 Acc: 99.9163% Time: 4574.5777s
[Test #23] Loss: 0.0044 Acc: 99.8456% Time: 4602.7332s
Epoch 24 running
Current time: 2024-05-05 23:22:46.833915 [Train #24] Loss: 0.0027 Acc: 99.9163% Time: 4772.3232s
[Test #24] Loss: 0.0081 Acc: 99.8125% Time: 4802.1216s
Epoch 25 running
Current time: 2024-05-05 23:26:07.808647 [Train #25] Loss: 0.0026 Acc: 99.9241% Time: 4973.2979s
[Test #25] Loss: 0.0069 Acc: 99.7684% Time: 5001.1189s
Epoch 26 running
Current time: 2024-05-05 23:29:25.353283 [Train #26] Loss: 0.0027 Acc: 99.9144% Time: 5170.8448s
[Test #26] Loss: 0.0049 Acc: 99.8677% Time: 5198.6871s
Epoch 27 running
Current time: 2024-05-05 23:32:45.389621 [Train #27] Loss: 0.0025 Acc: 99.9280% Time: 5370.8789s
[Test #27] Loss: 0.0046 Acc: 99.8456% Time: 5398.8962s
Epoch 28 running
Current time: 2024-05-05 23:36:04.948486 [Train #28] Loss: 0.0026 Acc: 99.9183% Time: 5570.4378s
[Test #28] Loss: 0.0035 Acc: 99.8566% Time: 5598.8216s
Epoch 29 running
Current time: 2024-05-05 23:39:25.251454 [Train #29] Loss: 0.0025 Acc: 99.9105% Time: 5770.7408s
[Test #29] Loss: 0.0061 Acc: 99.8787% Time: 5798.6363s
Epoch 30 running
Current time: 2024-05-05 23:42:40.711620 [Train #30] Loss: 0.0027 Acc: 99.9144% Time: 5966.2010s
[Test #30] Loss: 0.0065 Acc: 99.8125% Time: 5995.7166s
Epoch 31 running
Current time: 2024-05-05 23:46:04.024607 [Train #31] Loss: 0.0024 Acc: 99.9241% Time: 6169.5139s
[Test #31] Loss: 0.0053 Acc: 99.8566% Time: 6197.6500s
Epoch 32 running
Current time: 2024-05-05 23:49:22.645622 [Train #32] Loss: 0.0025 Acc: 99.9280% Time: 6368.1349s
[Test #32] Loss: 0.0061 Acc: 99.8456% Time: 6396.7229s
Epoch 33 running
Current time: 2024-05-05 23:52:41.887278 [Train #33] Loss: 0.0023 Acc: 99.9319% Time: 6567.3766s
[Test #33] Loss: 0.0057 Acc: 99.8787% Time: 6595.7765s
Epoch 34 running
Current time: 2024-05-05 23:55:59.377447 [Train #34] Loss: 0.0023 Acc: 99.9221% Time: 6764.8667s
[Test #34] Loss: 0.0063 Acc: 99.8677% Time: 6793.1658s
Epoch 35 running
Current time: 2024-05-05 23:59:21.177467 [Train #35] Loss: 0.0022 Acc: 99.9241% Time: 6966.6668s
[Test #35] Loss: 0.0054 Acc: 99.8566% Time: 6994.5545s
Epoch 36 running
Current time: 2024-05-06 00:02:41.453319 [Train #36] Loss: 0.0024 Acc: 99.9221% Time: 7166.9426s
[Test #36] Loss: 0.0044 Acc: 99.8787% Time: 7194.5377s
Epoch 37 running
Current time: 2024-05-06 00:06:00.109220 [Train #37] Loss: 0.0022 Acc: 99.9202% Time: 7365.5985s
[Test #37] Loss: 0.0057 Acc: 99.8787% Time: 7394.0614s
Epoch 38 running
Current time: 2024-05-06 00:09:30.632792 [Train #38] Loss: 0.0022 Acc: 99.9280% Time: 7576.1221s
[Test #38] Loss: 0.0061 Acc: 99.8236% Time: 7605.0037s
Epoch 39 running
Current time: 2024-05-06 00:12:49.991993 [Train #39] Loss: 0.0022 Acc: 99.9260% Time: 7775.4813s
[Test #39] Loss: 0.0061 Acc: 99.8566% Time: 7804.4110s
Epoch 40 running
Current time: 2024-05-06 00:16:09.754539 [Train #40] Loss: 0.0021 Acc: 99.9280% Time: 7975.2460s
[Test #40] Loss: 0.0070 Acc: 99.8346% Time: 8006.0146s
Epoch 41 running
Current time: 2024-05-06 00:19:28.413881 [Train #41] Loss: 0.0022 Acc: 99.9319% Time: 8173.9032s
[Test #41] Loss: 0.0053 Acc: 99.8346% Time: 8202.6849s
Epoch 42 running
Current time: 2024-05-06 00:22:46.048968 [Train #42] Loss: 0.0022 Acc: 99.9319% Time: 8371.5383s
[Test #42] Loss: 0.0059 Acc: 99.8787% Time: 8399.5073s
Epoch 43 running
Current time: 2024-05-06 00:26:03.514013 [Train #43] Loss: 0.0028 Acc: 99.9124% Time: 8569.0034s
[Test #43] Loss: 0.0061 Acc: 99.8566% Time: 8598.0161s
Epoch 44 running
Current time: 2024-05-06 00:29:22.821212 [Train #44] Loss: 0.0022 Acc: 99.9338% Time: 8768.3105s
[Test #44] Loss: 0.0064 Acc: 99.8456% Time: 8796.3724s
Epoch 45 running
Current time: 2024-05-06 00:32:39.286743 [Train #45] Loss: 0.0023 Acc: 99.9260% Time: 8964.7760s
[Test #45] Loss: 0.0049 Acc: 99.8787% Time: 8983.7324s
Epoch 46 running
Current time: 2024-05-06 00:34:50.835099 [Train #46] Loss: 0.0026 Acc: 99.9163% Time: 9096.3244s
[Test #46] Loss: 0.0061 Acc: 99.8677% Time: 9111.7276s
Epoch 47 running
Current time: 2024-05-06 00:36:59.539555 [Train #47] Loss: 0.0021 Acc: 99.9319% Time: 9225.0289s
[Test #47] Loss: 0.0055 Acc: 99.8236% Time: 9241.1831s
Epoch 48 running
Current time: 2024-05-06 00:39:08.580772 [Train #48] Loss: 0.0020 Acc: 99.9260% Time: 9354.0701s
[Test #48] Loss: 0.0068 Acc: 99.8346% Time: 9369.3962s
Epoch 49 running
Current time: 2024-05-06 00:41:16.230231 [Train #49] Loss: 0.0021 Acc: 99.9280% Time: 9481.7195s
[Test #49] Loss: 0.0068 Acc: 99.8346% Time: 9497.2592s
