/home/jialiangfan/miniconda3/envs/medical/lib/python3.8/site-packages/torchvision/models/_utils.py:208: UserWarning: The parameter 'pretrained' is deprecated since 0.13 and may be removed in the future, please use 'weights' instead.
  warnings.warn(
/home/jialiangfan/miniconda3/envs/medical/lib/python3.8/site-packages/torchvision/models/_utils.py:223: UserWarning: Arguments other than a weight enum or `None` for 'weights' are deprecated since 0.13 and may be removed in the future. The current behavior is equivalent to passing `weights=ResNet34_Weights.IMAGENET1K_V1`. You can also use `weights=ResNet34_Weights.DEFAULT` to get the most up-to-date weights.
  warnings.warn(msg)
/home/jialiangfan/miniconda3/envs/medical/lib/python3.8/site-packages/torch/autograd/graph.py:744: UserWarning: Plan failed with a cudnnException: CUDNN_BACKEND_EXECUTION_PLAN_DESCRIPTOR: cudnnFinalize Descriptor Failed cudnn_status: CUDNN_STATUS_NOT_SUPPORTED (Triggered internally at ../aten/src/ATen/native/cudnn/Conv_v8.cpp:919.)
  return Variable._execution_engine.run_backward(  # Calls into the C++ engine to run the backward pass
data_argument True
num_epochs 10
batch_size 32
model_type: ResNet34
pretrained True
optimizer_type: AdamW
optimizer_type 2
device 0
this is the pretrained: True
this is label2 counter:  Counter({0: 6093, 3: 4407, 1: 1656, 2: 495})
max label2 count:  6093
total num before first balance:  12651
Deep:  6093
Lobar:  1656
Subtentorial:  495
total num after first balance:  21408
counter after first balance:  Counter({0: 6093, 2: 5940, 1: 4968, 3: 4407})
total num before second balance:  21408
no tumor:  4407
tumor:  17001
max label1 count:  17001
total num after balance:  30222
no tumor:  13221
tumor:  17001
train_dataset 24177
val_dataset 3022
test_dataset 3023
batch size is 32
Epoch 0 running
Current time: 2024-06-11 01:57:54.811741 [Train #0] Loss: 0.3760 Acc: 92.9603% Time: 74.8532s
Best model found at epoch 0 with loss: 0.0904434774290403
[Test #0] Loss: 0.0904 Acc: 98.7260% Time: 79.9814s
Epoch 1 running
Current time: 2024-06-11 01:59:14.549443 [Train #1] Loss: 0.0945 Acc: 98.4882% Time: 154.5908s
Best model found at epoch 1 with loss: 0.046974425329527836
[Test #1] Loss: 0.0470 Acc: 99.3051% Time: 159.7242s
Epoch 2 running
Current time: 2024-06-11 02:00:33.513802 [Train #2] Loss: 0.0479 Acc: 99.2969% Time: 233.5552s
Best model found at epoch 2 with loss: 0.02528899912010511
[Test #2] Loss: 0.0253 Acc: 99.6195% Time: 238.6359s
Epoch 3 running
Current time: 2024-06-11 02:01:52.338620 [Train #3] Loss: 0.0360 Acc: 99.4582% Time: 312.3802s
[Test #3] Loss: 0.0307 Acc: 99.4871% Time: 317.5254s
Epoch 4 running
Current time: 2024-06-11 02:03:10.872889 [Train #4] Loss: 0.0271 Acc: 99.6091% Time: 390.9144s
Best model found at epoch 4 with loss: 0.018132635957760518
[Test #4] Loss: 0.0181 Acc: 99.7187% Time: 396.1469s
Epoch 5 running
Current time: 2024-06-11 02:04:28.988329 [Train #5] Loss: 0.0239 Acc: 99.6691% Time: 469.0297s
[Test #5] Loss: 0.0187 Acc: 99.7022% Time: 474.1276s
Epoch 6 running
Current time: 2024-06-11 02:05:48.578680 [Train #6] Loss: 0.0138 Acc: 99.8201% Time: 548.6201s
[Test #6] Loss: 0.0184 Acc: 99.7518% Time: 553.9913s
Epoch 7 running
Current time: 2024-06-11 02:07:07.439635 [Train #7] Loss: 0.0198 Acc: 99.7167% Time: 627.4811s
[Test #7] Loss: 0.0391 Acc: 99.3547% Time: 632.6906s
Epoch 8 running
Current time: 2024-06-11 02:08:27.504435 [Train #8] Loss: 0.0135 Acc: 99.8015% Time: 707.5458s
[Test #8] Loss: 0.0211 Acc: 99.7022% Time: 712.7325s
Epoch 9 running
Current time: 2024-06-11 02:09:46.781412 [Train #9] Loss: 0.0138 Acc: 99.7891% Time: 786.8228s
Best model found at epoch 9 with loss: 0.015064459088032934
[Test #9] Loss: 0.0151 Acc: 99.7353% Time: 791.9357s
