/home/jialiangfan/miniconda3/envs/medical/lib/python3.8/site-packages/torchvision/models/_utils.py:208: UserWarning: The parameter 'pretrained' is deprecated since 0.13 and may be removed in the future, please use 'weights' instead.
  warnings.warn(
/home/jialiangfan/miniconda3/envs/medical/lib/python3.8/site-packages/torchvision/models/_utils.py:223: UserWarning: Arguments other than a weight enum or `None` for 'weights' are deprecated since 0.13 and may be removed in the future. The current behavior is equivalent to passing `weights=SqueezeNet1_0_Weights.IMAGENET1K_V1`. You can also use `weights=SqueezeNet1_0_Weights.DEFAULT` to get the most up-to-date weights.
  warnings.warn(msg)
/home/jialiangfan/miniconda3/envs/medical/lib/python3.8/site-packages/torch/nn/modules/conv.py:456: UserWarning: Plan failed with a cudnnException: CUDNN_BACKEND_EXECUTION_PLAN_DESCRIPTOR: cudnnFinalize Descriptor Failed cudnn_status: CUDNN_STATUS_NOT_SUPPORTED (Triggered internally at ../aten/src/ATen/native/cudnn/Conv_v8.cpp:919.)
  return F.conv2d(input, weight, bias, self.stride,
/home/jialiangfan/miniconda3/envs/medical/lib/python3.8/site-packages/torch/autograd/graph.py:744: UserWarning: Plan failed with a cudnnException: CUDNN_BACKEND_EXECUTION_PLAN_DESCRIPTOR: cudnnFinalize Descriptor Failed cudnn_status: CUDNN_STATUS_NOT_SUPPORTED (Triggered internally at ../aten/src/ATen/native/cudnn/Conv_v8.cpp:919.)
  return Variable._execution_engine.run_backward(  # Calls into the C++ engine to run the backward pass
data_argument True
num_epochs 10
batch_size 32
model_type: SqueezeNet
pretrained True
optimizer_type: AdamW
optimizer_type 2
device 1
this is the pretrained: True
this is label2 counter:  Counter({0: 6093, 3: 4407, 1: 1656, 2: 495})
max label2 count:  6093
total num before first balance:  12651
Deep:  6093
Lobar:  1656
Subtentorial:  495
total num after first balance:  21408
counter after first balance:  Counter({0: 6093, 2: 5940, 1: 4968, 3: 4407})
total num before second balance:  21408
no tumor:  4407
tumor:  17001
max label1 count:  17001
total num after balance:  30222
no tumor:  13221
tumor:  17001
train_dataset 24177
val_dataset 3022
test_dataset 3023
batch size is 32
Epoch 0 running
Current time: 2024-06-11 01:47:40.875722 [Train #0] Loss: 0.8041 Acc: 83.1637% Time: 54.2157s
Best model found at epoch 0 with loss: 0.4963679357643241
[Test #0] Loss: 0.4964 Acc: 89.6261% Time: 59.0935s
Epoch 1 running
Current time: 2024-06-11 01:48:40.032053 [Train #1] Loss: 0.4552 Acc: 91.1300% Time: 113.3720s
Best model found at epoch 1 with loss: 0.35680855679480467
[Test #1] Loss: 0.3568 Acc: 92.4884% Time: 118.6662s
Epoch 2 running
Current time: 2024-06-11 01:49:39.380254 [Train #2] Loss: 0.3489 Acc: 93.3821% Time: 172.7202s
Best model found at epoch 2 with loss: 0.2629052911133738
[Test #2] Loss: 0.2629 Acc: 94.9371% Time: 177.5201s
Epoch 3 running
Current time: 2024-06-11 01:50:38.180473 [Train #3] Loss: 0.2890 Acc: 94.5671% Time: 231.5203s
Best model found at epoch 3 with loss: 0.21474618770916837
[Test #3] Loss: 0.2147 Acc: 96.1780% Time: 236.3260s
Epoch 4 running
Current time: 2024-06-11 01:51:36.854334 [Train #4] Loss: 0.2445 Acc: 95.4419% Time: 290.1943s
Best model found at epoch 4 with loss: 0.19836031890601846
[Test #4] Loss: 0.1984 Acc: 96.0788% Time: 295.0301s
Epoch 5 running
Current time: 2024-06-11 01:52:36.219501 [Train #5] Loss: 0.2117 Acc: 96.0872% Time: 349.5594s
Best model found at epoch 5 with loss: 0.14937727068489864
[Test #5] Loss: 0.1494 Acc: 97.4024% Time: 354.3961s
Epoch 6 running
Current time: 2024-06-11 01:53:35.747736 [Train #6] Loss: 0.1894 Acc: 96.6311% Time: 409.0877s
Best model found at epoch 6 with loss: 0.13850292816639814
[Test #6] Loss: 0.1385 Acc: 97.4355% Time: 413.9448s
Epoch 7 running
Current time: 2024-06-11 01:54:34.760011 [Train #7] Loss: 0.1729 Acc: 96.8110% Time: 468.0999s
Best model found at epoch 7 with loss: 0.1268329167310802
[Test #7] Loss: 0.1268 Acc: 97.7995% Time: 472.9717s
Epoch 8 running
Current time: 2024-06-11 01:55:33.937099 [Train #8] Loss: 0.1479 Acc: 97.3466% Time: 527.2770s
Best model found at epoch 8 with loss: 0.11253118504166681
[Test #8] Loss: 0.1125 Acc: 98.0642% Time: 532.1257s
Epoch 9 running
Current time: 2024-06-11 01:56:32.908637 [Train #9] Loss: 0.1358 Acc: 97.5679% Time: 586.2485s
Best model found at epoch 9 with loss: 0.09363769179716716
[Test #9] Loss: 0.0936 Acc: 98.3455% Time: 591.6943s
