/home/jialiangfan/miniconda3/envs/medical/lib/python3.8/site-packages/torchvision/models/_utils.py:208: UserWarning: The parameter 'pretrained' is deprecated since 0.13 and may be removed in the future, please use 'weights' instead.
  warnings.warn(
/home/jialiangfan/miniconda3/envs/medical/lib/python3.8/site-packages/torchvision/models/_utils.py:223: UserWarning: Arguments other than a weight enum or `None` for 'weights' are deprecated since 0.13 and may be removed in the future. The current behavior is equivalent to passing `weights=VGG16_BN_Weights.IMAGENET1K_V1`. You can also use `weights=VGG16_BN_Weights.DEFAULT` to get the most up-to-date weights.
  warnings.warn(msg)
data_argument True
num_epochs 10
batch_size 32
model_type: Vgg16
pretrained True
optimizer_type: AdamW
optimizer_type 2
device 1
this is the pretrained: True
this is label2 counter:  Counter({0: 6093, 3: 4407, 1: 1656, 2: 495})
max label2 count:  6093
total num before first balance:  12651
Deep:  6093
Lobar:  1656
Subtentorial:  495
total num after first balance:  21408
counter after first balance:  Counter({0: 6093, 2: 5940, 1: 4968, 3: 4407})
total num before second balance:  21408
no tumor:  4407
tumor:  17001
max label1 count:  17001
total num after balance:  30222
no tumor:  13221
tumor:  17001
train_dataset 24177
val_dataset 3022
test_dataset 3023
batch size is 32
Epoch 0 running
Current time: 2024-06-11 01:15:53.238567 [Train #0] Loss: 0.2962 Acc: 94.2363% Time: 131.3656s
Best model found at epoch 0 with loss: 0.10062867340741265
[Test #0] Loss: 0.1006 Acc: 98.3124% Time: 138.5315s
Epoch 1 running
Current time: 2024-06-11 01:18:11.817325 [Train #1] Loss: 0.0625 Acc: 98.8584% Time: 269.9443s
Best model found at epoch 1 with loss: 0.045364471349179036
[Test #1] Loss: 0.0454 Acc: 99.2389% Time: 277.1086s
Epoch 2 running
Current time: 2024-06-11 01:20:30.658938 [Train #2] Loss: 0.0294 Acc: 99.4602% Time: 408.7859s
Best model found at epoch 2 with loss: 0.041785156982847516
[Test #2] Loss: 0.0418 Acc: 99.2720% Time: 415.9652s
Epoch 3 running
Current time: 2024-06-11 01:22:49.520798 [Train #3] Loss: 0.0272 Acc: 99.5347% Time: 547.6478s
Best model found at epoch 3 with loss: 0.038715512784503914
[Test #3] Loss: 0.0387 Acc: 99.5202% Time: 554.8212s
Epoch 4 running
Current time: 2024-06-11 01:25:08.486267 [Train #4] Loss: 0.0227 Acc: 99.6195% Time: 686.6132s
Best model found at epoch 4 with loss: 0.023819211207933327
[Test #4] Loss: 0.0238 Acc: 99.6691% Time: 693.7813s
Epoch 5 running
Current time: 2024-06-11 01:27:27.131721 [Train #5] Loss: 0.0158 Acc: 99.7291% Time: 825.2587s
Best model found at epoch 5 with loss: 0.017042154233945544
[Test #5] Loss: 0.0170 Acc: 99.7684% Time: 832.4052s
Epoch 6 running
Current time: 2024-06-11 01:29:45.646671 [Train #6] Loss: 0.0223 Acc: 99.6505% Time: 963.7736s
Best model found at epoch 6 with loss: 0.014619999028107932
[Test #6] Loss: 0.0146 Acc: 99.7353% Time: 970.9205s
Epoch 7 running
Current time: 2024-06-11 01:32:04.087534 [Train #7] Loss: 0.0165 Acc: 99.7353% Time: 1102.2145s
[Test #7] Loss: 0.0228 Acc: 99.7353% Time: 1109.3088s
Epoch 8 running
Current time: 2024-06-11 01:34:22.488406 [Train #8] Loss: 0.0178 Acc: 99.7456% Time: 1240.6154s
[Test #8] Loss: 0.0185 Acc: 99.7022% Time: 1247.7628s
Epoch 9 running
Current time: 2024-06-11 01:36:41.223985 [Train #9] Loss: 0.0079 Acc: 99.8676% Time: 1379.3509s
Best model found at epoch 9 with loss: 0.011109819259025632
[Test #9] Loss: 0.0111 Acc: 99.8676% Time: 1386.5030s
