Traceback (most recent call last):
  File "/home/jialiangfan/DTViT/main.py", line 1, in <module>
    from torchvision import transforms,models,datasets
ModuleNotFoundError: No module named 'torchvision'
/home/jialiangfan/miniconda3/envs/medical/lib/python3.8/site-packages/torchvision/models/_utils.py:208: UserWarning: The parameter 'pretrained' is deprecated since 0.13 and may be removed in the future, please use 'weights' instead.
  warnings.warn(
/home/jialiangfan/miniconda3/envs/medical/lib/python3.8/site-packages/torchvision/models/_utils.py:223: UserWarning: Arguments other than a weight enum or `None` for 'weights' are deprecated since 0.13 and may be removed in the future. The current behavior is equivalent to passing `weights=VGG16_BN_Weights.IMAGENET1K_V1`. You can also use `weights=VGG16_BN_Weights.DEFAULT` to get the most up-to-date weights.
  warnings.warn(msg)
data_argument True
num_epochs 10
batch_size 32
model_type: Vgg16
pretrained True
optimizer_type: AdamW
optimizer_type 2
device 1
this is the pretrained: True
this is label2 counter:  Counter({0: 6093, 3: 4407, 1: 1656, 2: 495})
max label2 count:  6093
total num before first balance:  12651
Deep:  6093
Lobar:  1656
Subtentorial:  495
total num after first balance:  21408
counter after first balance:  Counter({0: 6093, 2: 5940, 1: 4968, 3: 4407})
total num before second balance:  21408
no tumor:  4407
tumor:  17001
max label1 count:  17001
total num after balance:  30222
no tumor:  13221
tumor:  17001
train_dataset 24177
val_dataset 3022
Epoch 0 running
Current time: 2024-05-25 00:26:55.631662 [Train #0] Loss: 0.2929 Acc: 94.1494% Time: 132.5586s
Best model found at epoch 0 with loss: 0.10266468379323566
[Test #0] Loss: 0.1027 Acc: 98.2462% Time: 141.0492s
Epoch 1 running
Current time: 2024-05-25 00:35:59.826973 [Train #1] Loss: 0.0629 Acc: 98.8998% Time: 676.7537s
Best model found at epoch 1 with loss: 0.043076100966922104
[Test #1] Loss: 0.0431 Acc: 99.2720% Time: 756.0495s
Epoch 2 running
Current time: 2024-05-25 00:42:58.052181 [Train #2] Loss: 0.0338 Acc: 99.4313% Time: 1094.9790s
[Test #2] Loss: 0.0680 Acc: 98.8418% Time: 1103.4019s
Epoch 3 running
Current time: 2024-05-25 00:45:18.902385 [Train #3] Loss: 0.0262 Acc: 99.5347% Time: 1235.8292s
Best model found at epoch 3 with loss: 0.03993888005237067
[Test #3] Loss: 0.0399 Acc: 99.2224% Time: 1244.2216s
Epoch 4 running
Current time: 2024-05-25 00:47:39.753896 [Train #4] Loss: 0.0231 Acc: 99.5885% Time: 1376.6806s
[Test #4] Loss: 0.0602 Acc: 99.0900% Time: 1385.0954s
Epoch 5 running
Current time: 2024-05-25 00:50:00.604807 [Train #5] Loss: 0.0194 Acc: 99.6836% Time: 1517.5316s
Best model found at epoch 5 with loss: 0.026183324793882516
[Test #5] Loss: 0.0262 Acc: 99.5698% Time: 1525.9172s
Epoch 6 running
Current time: 2024-05-25 00:52:21.775249 [Train #6] Loss: 0.0141 Acc: 99.7663% Time: 1658.7020s
Best model found at epoch 6 with loss: 0.016591184903234194
[Test #6] Loss: 0.0166 Acc: 99.7353% Time: 1667.1672s
Epoch 7 running
Current time: 2024-05-25 00:54:42.619197 [Train #7] Loss: 0.0164 Acc: 99.7249% Time: 1799.5459s
[Test #7] Loss: 0.0900 Acc: 98.8584% Time: 1807.9908s
Epoch 8 running
Current time: 2024-05-25 00:57:03.699803 [Train #8] Loss: 0.0166 Acc: 99.7580% Time: 1940.6265s
[Test #8] Loss: 0.2508 Acc: 97.8160% Time: 1949.1486s
Epoch 9 running
Current time: 2024-05-25 00:59:24.775199 [Train #9] Loss: 0.0143 Acc: 99.7870% Time: 2081.7019s
Best model found at epoch 9 with loss: 0.013672792638521983
[Test #9] Loss: 0.0137 Acc: 99.7022% Time: 2090.0891s
